-------------------------------------------------------------------------------
Test set: com.callplan.testing.RunCucumberTest
-------------------------------------------------------------------------------
Tests run: 7, Failures: 0, Errors: 7, Skipped: 0, Time elapsed: 0.524 s <<< FAILURE! -- in com.callplan.testing.RunCucumberTest
Get Feedback Question.Get Feedback Question - Successfully get feedback question -- Time elapsed: 0.272 s <<< ERROR!
java.nio.file.NoSuchFileException: src\test\resources\.env
	at java.base/sun.nio.fs.WindowsException.translateToIOException(WindowsException.java:85)
	at java.base/sun.nio.fs.WindowsException.rethrowAsIOException(WindowsException.java:103)
	at java.base/sun.nio.fs.WindowsException.rethrowAsIOException(WindowsException.java:108)
	at java.base/sun.nio.fs.WindowsFileSystemProvider.newByteChannel(WindowsFileSystemProvider.java:236)
	at java.base/java.nio.file.Files.newByteChannel(Files.java:380)
	at java.base/java.nio.file.Files.newByteChannel(Files.java:432)
	at java.base/java.nio.file.spi.FileSystemProvider.newInputStream(FileSystemProvider.java:422)
	at java.base/java.nio.file.Files.newInputStream(Files.java:160)
	at com.callplan.testing.steps.TestContext.getEnv(TestContext.java:31)
	at com.callplan.testing.steps.TestContext.getRequest(TestContext.java:20)
	at com.callplan.testing.steps.CommonSteps.setup(CommonSteps.java:22)

Get Feedback Question - Get feedback question with invalid week number - Examples.Get Feedback Question - Get feedback question with invalid week number - Examples - Example #1.1 -- Time elapsed: 0.016 s <<< ERROR!
java.nio.file.NoSuchFileException: src\test\resources\.env
	at java.base/sun.nio.fs.WindowsException.translateToIOException(WindowsException.java:85)
	at java.base/sun.nio.fs.WindowsException.rethrowAsIOException(WindowsException.java:103)
	at java.base/sun.nio.fs.WindowsException.rethrowAsIOException(WindowsException.java:108)
	at java.base/sun.nio.fs.WindowsFileSystemProvider.newByteChannel(WindowsFileSystemProvider.java:236)
	at java.base/java.nio.file.Files.newByteChannel(Files.java:380)
	at java.base/java.nio.file.Files.newByteChannel(Files.java:432)
	at java.base/java.nio.file.spi.FileSystemProvider.newInputStream(FileSystemProvider.java:422)
	at java.base/java.nio.file.Files.newInputStream(Files.java:160)
	at com.callplan.testing.steps.TestContext.getEnv(TestContext.java:31)
	at com.callplan.testing.steps.TestContext.getRequest(TestContext.java:20)
	at com.callplan.testing.steps.CommonSteps.setup(CommonSteps.java:22)

Get Feedback Question - Get feedback question with invalid week number - Examples.Get Feedback Question - Get feedback question with invalid week number - Examples - Example #1.2 -- Time elapsed: 0.015 s <<< ERROR!
java.nio.file.NoSuchFileException: src\test\resources\.env
	at java.base/sun.nio.fs.WindowsException.translateToIOException(WindowsException.java:85)
	at java.base/sun.nio.fs.WindowsException.rethrowAsIOException(WindowsException.java:103)
	at java.base/sun.nio.fs.WindowsException.rethrowAsIOException(WindowsException.java:108)
	at java.base/sun.nio.fs.WindowsFileSystemProvider.newByteChannel(WindowsFileSystemProvider.java:236)
	at java.base/java.nio.file.Files.newByteChannel(Files.java:380)
	at java.base/java.nio.file.Files.newByteChannel(Files.java:432)
	at java.base/java.nio.file.spi.FileSystemProvider.newInputStream(FileSystemProvider.java:422)
	at java.base/java.nio.file.Files.newInputStream(Files.java:160)
	at com.callplan.testing.steps.TestContext.getEnv(TestContext.java:31)
	at com.callplan.testing.steps.TestContext.getRequest(TestContext.java:20)
	at com.callplan.testing.steps.CommonSteps.setup(CommonSteps.java:22)

Get Feedback Question - Get feedback question with invalid week number - Examples.Get Feedback Question - Get feedback question with invalid week number - Examples - Example #1.3 -- Time elapsed: 0.014 s <<< ERROR!
java.nio.file.NoSuchFileException: src\test\resources\.env
	at java.base/sun.nio.fs.WindowsException.translateToIOException(WindowsException.java:85)
	at java.base/sun.nio.fs.WindowsException.rethrowAsIOException(WindowsException.java:103)
	at java.base/sun.nio.fs.WindowsException.rethrowAsIOException(WindowsException.java:108)
	at java.base/sun.nio.fs.WindowsFileSystemProvider.newByteChannel(WindowsFileSystemProvider.java:236)
	at java.base/java.nio.file.Files.newByteChannel(Files.java:380)
	at java.base/java.nio.file.Files.newByteChannel(Files.java:432)
	at java.base/java.nio.file.spi.FileSystemProvider.newInputStream(FileSystemProvider.java:422)
	at java.base/java.nio.file.Files.newInputStream(Files.java:160)
	at com.callplan.testing.steps.TestContext.getEnv(TestContext.java:31)
	at com.callplan.testing.steps.TestContext.getRequest(TestContext.java:20)
	at com.callplan.testing.steps.CommonSteps.setup(CommonSteps.java:22)

Get Feedback Question - Get feedback question with invalid week number - Examples.Get Feedback Question - Get feedback question with invalid week number - Examples - Example #1.4 -- Time elapsed: 0.014 s <<< ERROR!
java.nio.file.NoSuchFileException: src\test\resources\.env
	at java.base/sun.nio.fs.WindowsException.translateToIOException(WindowsException.java:85)
	at java.base/sun.nio.fs.WindowsException.rethrowAsIOException(WindowsException.java:103)
	at java.base/sun.nio.fs.WindowsException.rethrowAsIOException(WindowsException.java:108)
	at java.base/sun.nio.fs.WindowsFileSystemProvider.newByteChannel(WindowsFileSystemProvider.java:236)
	at java.base/java.nio.file.Files.newByteChannel(Files.java:380)
	at java.base/java.nio.file.Files.newByteChannel(Files.java:432)
	at java.base/java.nio.file.spi.FileSystemProvider.newInputStream(FileSystemProvider.java:422)
	at java.base/java.nio.file.Files.newInputStream(Files.java:160)
	at com.callplan.testing.steps.TestContext.getEnv(TestContext.java:31)
	at com.callplan.testing.steps.TestContext.getRequest(TestContext.java:20)
	at com.callplan.testing.steps.CommonSteps.setup(CommonSteps.java:22)

Get Feedback Question - Get feedback question with invalid week number - Examples.Get Feedback Question - Get feedback question with invalid week number - Examples - Example #1.5 -- Time elapsed: 0.009 s <<< ERROR!
java.nio.file.NoSuchFileException: src\test\resources\.env
	at java.base/sun.nio.fs.WindowsException.translateToIOException(WindowsException.java:85)
	at java.base/sun.nio.fs.WindowsException.rethrowAsIOException(WindowsException.java:103)
	at java.base/sun.nio.fs.WindowsException.rethrowAsIOException(WindowsException.java:108)
	at java.base/sun.nio.fs.WindowsFileSystemProvider.newByteChannel(WindowsFileSystemProvider.java:236)
	at java.base/java.nio.file.Files.newByteChannel(Files.java:380)
	at java.base/java.nio.file.Files.newByteChannel(Files.java:432)
	at java.base/java.nio.file.spi.FileSystemProvider.newInputStream(FileSystemProvider.java:422)
	at java.base/java.nio.file.Files.newInputStream(Files.java:160)
	at com.callplan.testing.steps.TestContext.getEnv(TestContext.java:31)
	at com.callplan.testing.steps.TestContext.getRequest(TestContext.java:20)
	at com.callplan.testing.steps.CommonSteps.setup(CommonSteps.java:22)

Get Feedback Question.Get Feedback Question - Get feedback question with missing week number -- Time elapsed: 0.011 s <<< ERROR!
java.nio.file.NoSuchFileException: src\test\resources\.env
	at java.base/sun.nio.fs.WindowsException.translateToIOException(WindowsException.java:85)
	at java.base/sun.nio.fs.WindowsException.rethrowAsIOException(WindowsException.java:103)
	at java.base/sun.nio.fs.WindowsException.rethrowAsIOException(WindowsException.java:108)
	at java.base/sun.nio.fs.WindowsFileSystemProvider.newByteChannel(WindowsFileSystemProvider.java:236)
	at java.base/java.nio.file.Files.newByteChannel(Files.java:380)
	at java.base/java.nio.file.Files.newByteChannel(Files.java:432)
	at java.base/java.nio.file.spi.FileSystemProvider.newInputStream(FileSystemProvider.java:422)
	at java.base/java.nio.file.Files.newInputStream(Files.java:160)
	at com.callplan.testing.steps.TestContext.getEnv(TestContext.java:31)
	at com.callplan.testing.steps.TestContext.getRequest(TestContext.java:20)
	at com.callplan.testing.steps.CommonSteps.setup(CommonSteps.java:22)

