<?xml version="1.0" encoding="UTF-8"?>
<testsuite xmlns:xsi="http://www.w3.org/2001/XMLSchema-instance" xsi:noNamespaceSchemaLocation="https://maven.apache.org/surefire/maven-surefire-plugin/xsd/surefire-test-report.xsd" version="3.0.2" name="com.callplan.testing.RunCucumberTest" time="7.743" tests="12" errors="0" skipped="0" failures="2">
  <properties>
[...]
</properties>
  <testcase name="Get Best Time Visit - Successfully get best time visit data" classname="Get Best Time Visit" time="3.522"/>
  <testcase name="Get Best Time Visit - Get best time visit with missing rayon code" classname="Get Best Time Visit" time="0.156"/>
  <testcase name="Get Best Time Visit - Get best time visit with invalid rayon code" classname="Get Best Time Visit" time="0.224"/>
  <testcase name="Get Best Time Visit - Get best time visit with invalid person id but valid person code" classname="Get Best Time Visit" time="0.207"/>
  <testcase name="Get Best Time Visit - Get best time visit with invalid person code but valid person id" classname="Get Best Time Visit" time="0.174"/>
  <testcase name="Get Best Time Visit - Get best time visit with invalid start date" classname="Get Best Time Visit" time="0.16">
    <failure message="expected:&lt;[fals]e&gt; but was:&lt;[tru]e&gt;" type="org.junit.ComparisonFailure"><![CDATA[org.junit.ComparisonFailure: expected:<[fals]e> but was:<[tru]e>
	at com.callplan.testing.steps.CommonSteps.theResponseShouldContainWithValue(CommonSteps.java:51)
	at ✽.the response should contain "success" with value "false"(classpath:features/get-best-time-visit.feature:69)
]]></failure>
  </testcase>
  <testcase name="Get Master list - Successfully get master list data" classname="Get Master list" time="2.709">
    <failure message="Schema validation failed with the following errors:&#10;Schema validation failed for item at index 1: &#10;Expected: The content to match the given JSON schema.&#10;error: instance value (null) not found in enum (possible values: [0,1])&#10;    level: &quot;error&quot;&#10;    schema: {&quot;loadingURI&quot;:&quot;file:/D:/Learning/Revou/QA/CallPlan-Testing/target/test-classes/schemas/GetMasterList.json#&quot;,&quot;pointer&quot;:&quot;/properties/IS_UPCOUNTRY&quot;}&#10;    instance: {&quot;pointer&quot;:&quot;/IS_UPCOUNTRY&quot;}&#10;    domain: &quot;validation&quot;&#10;    keyword: &quot;enum&quot;&#10;    value: null&#10;    enum: [0,1]&#10;error: instance type (null) does not match any allowed primitive type (allowed: [&quot;integer&quot;])&#10;    level: &quot;error&quot;&#10;    schema: {&quot;loadingURI&quot;:&quot;file:/D:/Learning/Revou/QA/CallPlan-Testing/target/test-classes/schemas/GetMasterList.json#&quot;,&quot;pointer&quot;:&quot;/properties/IS_UPCOUNTRY&quot;}&#10;    instance: {&quot;pointer&quot;:&quot;/IS_UPCOUNTRY&quot;}&#10;    domain: &quot;validation&quot;&#10;    keyword: &quot;type&quot;&#10;    found: &quot;null&quot;&#10;    expected: [&quot;integer&quot;]&#10;&#10;     but: was &quot;{\&quot;RAYON_ID\&quot;:2952,\&quot;RAYON_CODE\&quot;:\&quot;TGRVIC0101\&quot;,\&quot;AREA_ID\&quot;:40,\&quot;AREA_CODE\&quot;:\&quot;TGR\&quot;,\&quot;PERSON_ID\&quot;:7131,\&quot;PERSON_CODE\&quot;:\&quot;CRM100415478\&quot;,\&quot;PERSON_TYPE_NAME\&quot;:\&quot;CRM\&quot;,\&quot;FIRST_NAME\&quot;:\&quot;***\&quot;,\&quot;LAST_NAME\&quot;:\&quot;AND********\&quot;,\&quot;FULL_NAME\&quot;:\&quot;*** AND********\&quot;,\&quot;SPECIALIST_NAME\&quot;:\&quot;SpJP\&quot;,\&quot;IS_UPCOUNTRY\&quot;:null,\&quot;TOTAL_SCHEDULE\&quot;:0,\&quot;IS_HAVING_BEST_TIME_VISIT\&quot;:0,\&quot;MONDAY_DAY\&quot;:1,\&quot;MONDAY_NIGHT\&quot;:0,\&quot;TUESDAY_DAY\&quot;:1,\&quot;TUESDAY_NIGHT\&quot;:0,\&quot;WEDNESDAY_DAY\&quot;:1,\&quot;WEDNESDAY_NIGHT\&quot;:0,\&quot;THURSDAY_DAY\&quot;:1,\&quot;THURSDAY_NIGHT\&quot;:0,\&quot;FRIDAY_DAY\&quot;:1,\&quot;FRIDAY_NIGHT\&quot;:0,\&quot;PERSON_TYPE_DAY_NIGHT\&quot;:\&quot;D\&quot;}&quot;&#10;Schema validation failed for item at index 2: &#10;Expected: The content to match the given JSON schema.&#10;error: instance value (null) not found in enum (possible values: [0,1])&#10;    level: &quot;error&quot;&#10;    schema: {&quot;loadingURI&quot;:&quot;file:/D:/Learning/Revou/QA/CallPlan-Testing/target/test-classes/schemas/GetMasterList.json#&quot;,&quot;pointer&quot;:&quot;/properties/IS_UPCOUNTRY&quot;}&#10;    instance: {&quot;pointer&quot;:&quot;/IS_UPCOUNTRY&quot;}&#10;    domain: &quot;validation&quot;&#10;    keyword: &quot;enum&quot;&#10;    value: null&#10;    enum: [0,1]&#10;error: instance type (null) does not match any allowed primitive type (allowed: [&quot;integer&quot;])&#10;    level: &quot;error&quot;&#10;    schema: {&quot;loadingURI&quot;:&quot;file:/D:/Learning/Revou/QA/CallPlan-Testing/target/test-classes/schemas/GetMasterList.json#&quot;,&quot;pointer&quot;:&quot;/properties/IS_UPCOUNTRY&quot;}&#10;    instance: {&quot;pointer&quot;:&quot;/IS_UPCOUNTRY&quot;}&#10;    domain: &quot;validation&quot;&#10;    keyword: &quot;type&quot;&#10;    found: &quot;null&quot;&#10;    expected: [&quot;integer&quot;]&#10;error: instance value (null) not found in enum (possible values: [&quot;N&quot;,&quot;D&quot;])&#10;    level: &quot;error&quot;&#10;    schema: {&quot;loadingURI&quot;:&quot;file:/D:/Learning/Revou/QA/CallPlan-Testing/target/test-classes/schemas/GetMasterList.json#&quot;,&quot;pointer&quot;:&quot;/properties/PERSON_TYPE_DAY_NIGHT&quot;}&#10;    instance: {&quot;pointer&quot;:&quot;/PERSON_TYPE_DAY_NIGHT&quot;}&#10;    domain: &quot;validation&quot;&#10;    keyword: &quot;enum&quot;&#10;    value: null&#10;    enum: [&quot;N&quot;,&quot;D&quot;]&#10;error: instance type (null) does not match any allowed primitive type (allowed: [&quot;string&quot;])&#10;    level: &quot;error&quot;&#10;    schema: {&quot;loadingURI&quot;:&quot;file:/D:/Learning/Revou/QA/CallPlan-Testing/target/test-classes/schemas/GetMasterList.json#&quot;,&quot;pointer&quot;:&quot;/properties/PERSON_TYPE_DAY_NIGHT&quot;}&#10;    instance: {&quot;pointer&quot;:&quot;/PERSON_TYPE_DAY_NIGHT&quot;}&#10;    domain: &quot;validation&quot;&#10;    keyword: &quot;type&quot;&#10;    found: &quot;null&quot;&#10;    expected: [&quot;string&quot;]&#10;&#10;     but: was &quot;{\&quot;RAYON_ID\&quot;:2952,\&quot;RAYON_CODE\&quot;:\&quot;TGRVIC0101\&quot;,\&quot;AREA_ID\&quot;:40,\&quot;AREA_CODE\&quot;:\&quot;TGR\&quot;,\&quot;PERSON_ID\&quot;:11797,\&quot;PERSON_CODE\&quot;:\&quot;CRM100415649\&quot;,\&quot;PERSON_TYPE_NAME\&quot;:\&quot;CRM\&quot;,\&quot;FIRST_NAME\&quot;:\&quot;***\&quot;,\&quot;LAST_NAME\&quot;:\&quot;INA****\&quot;,\&quot;FULL_NAME\&quot;:\&quot;*** INA****\&quot;,\&quot;SPECIALIST_NAME\&quot;:\&quot;GP\&quot;,\&quot;IS_UPCOUNTRY\&quot;:null,\&quot;TOTAL_SCHEDULE\&quot;:0,\&quot;IS_HAVING_BEST_TIME_VISIT\&quot;:0,\&quot;MONDAY_DAY\&quot;:0,\&quot;MONDAY_NIGHT\&quot;:0,\&quot;TUESDAY_DAY\&quot;:0,\&quot;TUESDAY_NIGHT\&quot;:0,\&quot;WEDNESDAY_DAY\&quot;:0,\&quot;WEDNESDAY_NIGHT\&quot;:0,\&quot;THURSDAY_DAY\&quot;:0,\&quot;THURSDAY_NIGHT\&quot;:0,\&quot;FRIDAY_DAY\&quot;:0,\&quot;FRIDAY_NIGHT\&quot;:0,\&quot;PERSON_TYPE_DAY_NIGHT\&quot;:null}&quot;&#10;Schema validation failed for item at index 3: &#10;Expected: The content to match the given JSON schema.&#10;error: instance value (null) not found in enum (possible values: [0,1])&#10;    level: &quot;error&quot;&#10;    schema: {&quot;loadingURI&quot;:&quot;file:/D:/Learning/Revou/QA/CallPlan-Testing/target/test-classes/schemas/GetMasterList.json#&quot;,&quot;pointer&quot;:&quot;/properties/IS_UPCOUNTRY&quot;}&#10;    instance: {&quot;pointer&quot;:&quot;/IS_UPCOUNTRY&quot;}&#10;    domain: &quot;validation&quot;&#10;    keyword: &quot;enum&quot;&#10;    value: null&#10;    enum: [0,1]&#10;error: instance type (null) does not match any allowed primitive type (allowed: [&quot;integer&quot;])&#10;    level: &quot;error&quot;&#10;    schema: {&quot;loadingURI&quot;:&quot;file:/D:/Learning/Revou/QA/CallPlan-Testing/target/test-classes/schemas/GetMasterList.json#&quot;,&quot;pointer&quot;:&quot;/properties/IS_UPCOUNTRY&quot;}&#10;    instance: {&quot;pointer&quot;:&quot;/IS_UPCOUNTRY&quot;}&#10;    domain: &quot;validation&quot;&#10;    keyword: &quot;type&quot;&#10;    found: &quot;null&quot;&#10;    expected: [&quot;integer&quot;]&#10;&#10;     but: was &quot;{\&quot;RAYON_ID\&quot;:2952,\&quot;RAYON_CODE\&quot;:\&quot;TGRVIC0101\&quot;,\&quot;AREA_ID\&quot;:40,\&quot;AREA_CODE\&quot;:\&quot;TGR\&quot;,\&quot;PERSON_ID\&quot;:10186,\&quot;PERSON_CODE\&quot;:\&quot;CRM990808003569\&quot;,\&quot;PERSON_TYPE_NAME\&quot;:\&quot;CRM\&quot;,\&quot;FIRST_NAME\&quot;:\&quot;***\&quot;,\&quot;LAST_NAME\&quot;:\&quot;KEN**** ******\&quot;,\&quot;FULL_NAME\&quot;:\&quot;*** KEN**** ******\&quot;,\&quot;SPECIALIST_NAME\&quot;:\&quot;GP\&quot;,\&quot;IS_UPCOUNTRY\&quot;:null,\&quot;TOTAL_SCHEDULE\&quot;:0,\&quot;IS_HAVING_BEST_TIME_VISIT\&quot;:0,\&quot;MONDAY_DAY\&quot;:0,\&quot;MONDAY_NIGHT\&quot;:1,\&quot;TUESDAY_DAY\&quot;:0,\&quot;TUESDAY_NIGHT\&quot;:1,\&quot;WEDNESDAY_DAY\&quot;:0,\&quot;WEDNESDAY_NIGHT\&quot;:1,\&quot;THURSDAY_DAY\&quot;:0,\&quot;THURSDAY_NIGHT\&quot;:1,\&quot;FRIDAY_DAY\&quot;:0,\&quot;FRIDAY_NIGHT\&quot;:1,\&quot;PERSON_TYPE_DAY_NIGHT\&quot;:\&quot;N\&quot;}&quot;&#10;Schema validation failed for item at index 6: &#10;Expected: The content to match the given JSON schema.&#10;error: instance value (null) not found in enum (possible values: [&quot;N&quot;,&quot;D&quot;])&#10;    level: &quot;error&quot;&#10;    schema: {&quot;loadingURI&quot;:&quot;file:/D:/Learning/Revou/QA/CallPlan-Testing/target/test-classes/schemas/GetMasterList.json#&quot;,&quot;pointer&quot;:&quot;/properties/PERSON_TYPE_DAY_NIGHT&quot;}&#10;    instance: {&quot;pointer&quot;:&quot;/PERSON_TYPE_DAY_NIGHT&quot;}&#10;    domain: &quot;validation&quot;&#10;    keyword: &quot;enum&quot;&#10;    value: null&#10;    enum: [&quot;N&quot;,&quot;D&quot;]&#10;error: instance type (null) does not match any allowed primitive type (allowed: [&quot;string&quot;])&#10;    level: &quot;error&quot;&#10;    schema: {&quot;loadingURI&quot;:&quot;file:/D:/Learning/Revou/QA/CallPlan-Testing/target/test-classes/schemas/GetMasterList.json#&quot;,&quot;pointer&quot;:&quot;/properties/PERSON_TYPE_DAY_NIGHT&quot;}&#10;    instance: {&quot;pointer&quot;:&quot;/PERSON_TYPE_DAY_NIGHT&quot;}&#10;    domain: &quot;validation&quot;&#10;    keyword: &quot;type&quot;&#10;    found: &quot;null&quot;&#10;    expected: [&quot;string&quot;]&#10;&#10;     but: was &quot;{\&quot;RAYON_ID\&quot;:2952,\&quot;RAYON_CODE\&quot;:\&quot;TGRVIC0101\&quot;,\&quot;AREA_ID\&quot;:40,\&quot;AREA_CODE\&quot;:\&quot;TGR\&quot;,\&quot;PERSON_ID\&quot;:107719,\&quot;PERSON_CODE\&quot;:\&quot;CRM402206003966\&quot;,\&quot;PERSON_TYPE_NAME\&quot;:\&quot;CRM\&quot;,\&quot;FIRST_NAME\&quot;:\&quot;ADI**** ****\&quot;,\&quot;LAST_NAME\&quot;:\&quot;PRA****\&quot;,\&quot;FULL_NAME\&quot;:\&quot;ADI**** **** PRA****\&quot;,\&quot;SPECIALIST_NAME\&quot;:\&quot;GP\&quot;,\&quot;IS_UPCOUNTRY\&quot;:1,\&quot;TOTAL_SCHEDULE\&quot;:0,\&quot;IS_HAVING_BEST_TIME_VISIT\&quot;:1,\&quot;MONDAY_DAY\&quot;:0,\&quot;MONDAY_NIGHT\&quot;:0,\&quot;TUESDAY_DAY\&quot;:0,\&quot;TUESDAY_NIGHT\&quot;:0,\&quot;WEDNESDAY_DAY\&quot;:0,\&quot;WEDNESDAY_NIGHT\&quot;:0,\&quot;THURSDAY_DAY\&quot;:0,\&quot;THURSDAY_NIGHT\&quot;:0,\&quot;FRIDAY_DAY\&quot;:0,\&quot;FRIDAY_NIGHT\&quot;:0,\&quot;PERSON_TYPE_DAY_NIGHT\&quot;:null}&quot;&#10;Schema validation failed for item at index 7: &#10;Expected: The content to match the given JSON schema.&#10;error: instance value (null) not found in enum (possible values: [&quot;N&quot;,&quot;D&quot;])&#10;    level: &quot;error&quot;&#10;    schema: {&quot;loadingURI&quot;:&quot;file:/D:/Learning/Revou/QA/CallPlan-Testing/target/test-classes/schemas/GetMasterList.json#&quot;,&quot;pointer&quot;:&quot;/properties/PERSON_TYPE_DAY_NIGHT&quot;}&#10;    instance: {&quot;pointer&quot;:&quot;/PERSON_TYPE_DAY_NIGHT&quot;}&#10;    domain: &quot;validation&quot;&#10;    keyword: &quot;enum&quot;&#10;    value: null&#10;    enum: [&quot;N&quot;,&quot;D&quot;]&#10;error: instance type (null) does not match any allowed primitive type (allowed: [&quot;string&quot;])&#10;    level: &quot;error&quot;&#10;    schema: {&quot;loadingURI&quot;:&quot;file:/D:/Learning/Revou/QA/CallPlan-Testing/target/test-classes/schemas/GetMasterList.json#&quot;,&quot;pointer&quot;:&quot;/properties/PERSON_TYPE_DAY_NIGHT&quot;}&#10;    instance: {&quot;pointer&quot;:&quot;/PERSON_TYPE_DAY_NIGHT&quot;}&#10;    domain: &quot;validation&quot;&#10;    keyword: &quot;type&quot;&#10;    found: &quot;null&quot;&#10;    expected: [&quot;string&quot;]&#10;&#10;     but: was &quot;{\&quot;RAYON_ID\&quot;:2952,\&quot;RAYON_CODE\&quot;:\&quot;TGRVIC0101\&quot;,\&quot;AREA_ID\&quot;:40,\&quot;AREA_CODE\&quot;:\&quot;TGR\&quot;,\&quot;PERSON_ID\&quot;:68334,\&quot;PERSON_CODE\&quot;:\&quot;CRM361408003574\&quot;,\&quot;PERSON_TYPE_NAME\&quot;:\&quot;CRM\&quot;,\&quot;FIRST_NAME\&quot;:\&quot;AGA***\&quot;,\&quot;LAST_NAME\&quot;:\&quot;CHR******* ***** *****\&quot;,\&quot;FULL_NAME\&quot;:\&quot;AGA*** CHR******* ***** *****\&quot;,\&quot;SPECIALIST_NAME\&quot;:\&quot;GP\&quot;,\&quot;IS_UPCOUNTRY\&quot;:1,\&quot;TOTAL_SCHEDULE\&quot;:1,\&quot;IS_HAVING_BEST_TIME_VISIT\&quot;:1,\&quot;MONDAY_DAY\&quot;:0,\&quot;MONDAY_NIGHT\&quot;:0,\&quot;TUESDAY_DAY\&quot;:0,\&quot;TUESDAY_NIGHT\&quot;:1,\&quot;WEDNESDAY_DAY\&quot;:0,\&quot;WEDNESDAY_NIGHT\&quot;:0,\&quot;THURSDAY_DAY\&quot;:0,\&quot;THURSDAY_NIGHT\&quot;:0,\&quot;FRIDAY_DAY\&quot;:0,\&quot;FRIDAY_NIGHT\&quot;:0,\&quot;PERSON_TYPE_DAY_NIGHT\&quot;:null}&quot;&#10;Schema validation failed for item at index 8: &#10;Expected: The content to match the given JSON schema.&#10;error: instance value (null) not found in enum (possible values: [0,1])&#10;    level: &quot;error&quot;&#10;    schema: {&quot;loadingURI&quot;:&quot;file:/D:/Learning/Revou/QA/CallPlan-Testing/target/test-classes/schemas/GetMasterList.json#&quot;,&quot;pointer&quot;:&quot;/properties/IS_UPCOUNTRY&quot;}&#10;    instance: {&quot;pointer&quot;:&quot;/IS_UPCOUNTRY&quot;}&#10;    domain: &quot;validation&quot;&#10;    keyword: &quot;enum&quot;&#10;    value: null&#10;    enum: [0,1]&#10;error: instance type (null) does not match any allowed primitive type (allowed: [&quot;integer&quot;])&#10;    level: &quot;error&quot;&#10;    schema: {&quot;loadingURI&quot;:&quot;file:/D:/Learning/Revou/QA/CallPlan-Testing/target/test-classes/schemas/GetMasterList.json#&quot;,&quot;pointer&quot;:&quot;/properties/IS_UPCOUNTRY&quot;}&#10;    instance: {&quot;pointer&quot;:&quot;/IS_UPCOUNTRY&quot;}&#10;    domain: &quot;validation&quot;&#10;    keyword: &quot;type&quot;&#10;    found: &quot;null&quot;&#10;    expected: [&quot;integer&quot;]&#10;error: instance value (null) not found in enum (possible values: [&quot;N&quot;,&quot;D&quot;])&#10;    level: &quot;error&quot;&#10;    schema: {&quot;loadingURI&quot;:&quot;file:/D:/Learning/Revou/QA/CallPlan-Testing/target/test-classes/schemas/GetMasterList.json#&quot;,&quot;pointer&quot;:&quot;/properties/PERSON_TYPE_DAY_NIGHT&quot;}&#10;    instance: {&quot;pointer&quot;:&quot;/PERSON_TYPE_DAY_NIGHT&quot;}&#10;    domain: &quot;validation&quot;&#10;    keyword: &quot;enum&quot;&#10;    value: null&#10;    enum: [&quot;N&quot;,&quot;D&quot;]&#10;error: instance type (null) does not match any allowed primitive type (allowed: [&quot;string&quot;])&#10;    level: &quot;error&quot;&#10;    schema: {&quot;loadingURI&quot;:&quot;file:/D:/Learning/Revou/QA/CallPlan-Testing/target/test-classes/schemas/GetMasterList.json#&quot;,&quot;pointer&quot;:&quot;/properties/PERSON_TYPE_DAY_NIGHT&quot;}&#10;    instance: {&quot;pointer&quot;:&quot;/PERSON_TYPE_DAY_NIGHT&quot;}&#10;    domain: &quot;validation&quot;&#10;    keyword: &quot;type&quot;&#10;    found: &quot;null&quot;&#10;    expected: [&quot;string&quot;]&#10;&#10;     but: was &quot;{\&quot;RAYON_ID\&quot;:2952,\&quot;RAYON_CODE\&quot;:\&quot;TGRVIC0101\&quot;,\&quot;AREA_ID\&quot;:40,\&quot;AREA_CODE\&quot;:\&quot;TGR\&quot;,\&quot;PERSON_ID\&quot;:66354,\&quot;PERSON_CODE\&quot;:\&quot;CRM11403001170\&quot;,\&quot;PERSON_TYPE_NAME\&quot;:\&quot;CRM\&quot;,\&quot;FIRST_NAME\&quot;:\&quot;ALB***\&quot;,\&quot;LAST_NAME\&quot;:\&quot;LIZ****\&quot;,\&quot;FULL_NAME\&quot;:\&quot;ALB*** LIZ****\&quot;,\&quot;SPECIALIST_NAME\&quot;:\&quot;GP\&quot;,\&quot;IS_UPCOUNTRY\&quot;:null,\&quot;TOTAL_SCHEDULE\&quot;:0,\&quot;IS_HAVING_BEST_TIME_VISIT\&quot;:0,\&quot;MONDAY_DAY\&quot;:0,\&quot;MONDAY_NIGHT\&quot;:0,\&quot;TUESDAY_DAY\&quot;:0,\&quot;TUESDAY_NIGHT\&quot;:0,\&quot;WEDNESDAY_DAY\&quot;:0,\&quot;WEDNESDAY_NIGHT\&quot;:0,\&quot;THURSDAY_DAY\&quot;:0,\&quot;THURSDAY_NIGHT\&quot;:0,\&quot;FRIDAY_DAY\&quot;:0,\&quot;FRIDAY_NIGHT\&quot;:0,\&quot;PERSON_TYPE_DAY_NIGHT\&quot;:null}&quot;&#10;Schema validation failed for item at index 9: &#10;Expected: The content to match the given JSON schema.&#10;error: instance value (null) not found in enum (possible values: [0,1])&#10;    level: &quot;error&quot;&#10;    schema: {&quot;loadingURI&quot;:&quot;file:/D:/Learning/Revou/QA/CallPlan-Testing/target/test-classes/schemas/GetMasterList.json#&quot;,&quot;pointer&quot;:&quot;/properties/IS_UPCOUNTRY&quot;}&#10;    instance: {&quot;pointer&quot;:&quot;/IS_UPCOUNTRY&quot;}&#10;    domain: &quot;validation&quot;&#10;    keyword: &quot;enum&quot;&#10;    value: null&#10;    enum: [0,1]&#10;error: instance type (null) does not match any allowed primitive type (allowed: [&quot;integer&quot;])&#10;    level: &quot;error&quot;&#10;    schema: {&quot;loadingURI&quot;:&quot;file:/D:/Learning/Revou/QA/CallPlan-Testing/target/test-classes/schemas/GetMasterList.json#&quot;,&quot;pointer&quot;:&quot;/properties/IS_UPCOUNTRY&quot;}&#10;    instance: {&quot;pointer&quot;:&quot;/IS_UPCOUNTRY&quot;}&#10;    domain: &quot;validation&quot;&#10;    keyword: &quot;type&quot;&#10;    found: &quot;null&quot;&#10;    expected: [&quot;integer&quot;]&#10;error: instance value (null) not found in enum (possible values: [&quot;N&quot;,&quot;D&quot;])&#10;    level: &quot;error&quot;&#10;    schema: {&quot;loadingURI&quot;:&quot;file:/D:/Learning/Revou/QA/CallPlan-Testing/target/test-classes/schemas/GetMasterList.json#&quot;,&quot;pointer&quot;:&quot;/properties/PERSON_TYPE_DAY_NIGHT&quot;}&#10;    instance: {&quot;pointer&quot;:&quot;/PERSON_TYPE_DAY_NIGHT&quot;}&#10;    domain: &quot;validation&quot;&#10;    keyword: &quot;enum&quot;&#10;    value: null&#10;    enum: [&quot;N&quot;,&quot;D&quot;]&#10;error: instance type (null) does not match any allowed primitive type (allowed: [&quot;string&quot;])&#10;    level: &quot;error&quot;&#10;    schema: {&quot;loadingURI&quot;:&quot;file:/D:/Learning/Revou/QA/CallPlan-Testing/target/test-classes/schemas/GetMasterList.json#&quot;,&quot;pointer&quot;:&quot;/properties/PERSON_TYPE_DAY_NIGHT&quot;}&#10;    instance: {&quot;pointer&quot;:&quot;/PERSON_TYPE_DAY_NIGHT&quot;}&#10;    domain: &quot;validation&quot;&#10;    keyword: &quot;type&quot;&#10;    found: &quot;null&quot;&#10;    expected: [&quot;string&quot;]&#10;&#10;     but: was &quot;{\&quot;RAYON_ID\&quot;:2952,\&quot;RAYON_CODE\&quot;:\&quot;TGRVIC0101\&quot;,\&quot;AREA_ID\&quot;:40,\&quot;AREA_CODE\&quot;:\&quot;TGR\&quot;,\&quot;PERSON_ID\&quot;:8027,\&quot;PERSON_CODE\&quot;:\&quot;CRM100416313\&quot;,\&quot;PERSON_TYPE_NAME\&quot;:\&quot;CRM\&quot;,\&quot;FIRST_NAME\&quot;:\&quot;ALF*\&quot;,\&quot;LAST_NAME\&quot;:\&quot;RIZ**\&quot;,\&quot;FULL_NAME\&quot;:\&quot;ALF* RIZ**\&quot;,\&quot;SPECIALIST_NAME\&quot;:\&quot;GP\&quot;,\&quot;IS_UPCOUNTRY\&quot;:null,\&quot;TOTAL_SCHEDULE\&quot;:0,\&quot;IS_HAVING_BEST_TIME_VISIT\&quot;:0,\&quot;MONDAY_DAY\&quot;:0,\&quot;MONDAY_NIGHT\&quot;:0,\&quot;TUESDAY_DAY\&quot;:0,\&quot;TUESDAY_NIGHT\&quot;:0,\&quot;WEDNESDAY_DAY\&quot;:0,\&quot;WEDNESDAY_NIGHT\&quot;:0,\&quot;THURSDAY_DAY\&quot;:0,\&quot;THURSDAY_NIGHT\&quot;:0,\&quot;FRIDAY_DAY\&quot;:0,\&quot;FRIDAY_NIGHT\&quot;:0,\&quot;PERSON_TYPE_DAY_NIGHT\&quot;:null}&quot;&#10;Schema validation failed for item at index 10: &#10;Expected: The content to match the given JSON schema.&#10;error: instance value (null) not found in enum (possible values: [0,1])&#10;    level: &quot;error&quot;&#10;    schema: {&quot;loadingURI&quot;:&quot;file:/D:/Learning/Revou/QA/CallPlan-Testing/target/test-classes/schemas/GetMasterList.json#&quot;,&quot;pointer&quot;:&quot;/properties/IS_UPCOUNTRY&quot;}&#10;    instance: {&quot;pointer&quot;:&quot;/IS_UPCOUNTRY&quot;}&#10;    domain: &quot;validation&quot;&#10;    keyword: &quot;enum&quot;&#10;    value: null&#10;    enum: [0,1]&#10;error: instance type (null) does not match any allowed primitive type (allowed: [&quot;integer&quot;])&#10;    level: &quot;error&quot;&#10;    schema: {&quot;loadingURI&quot;:&quot;file:/D:/Learning/Revou/QA/CallPlan-Testing/target/test-classes/schemas/GetMasterList.json#&quot;,&quot;pointer&quot;:&quot;/properties/IS_UPCOUNTRY&quot;}&#10;    instance: {&quot;pointer&quot;:&quot;/IS_UPCOUNTRY&quot;}&#10;    domain: &quot;validation&quot;&#10;    keyword: &quot;type&quot;&#10;    found: &quot;null&quot;&#10;    expected: [&quot;integer&quot;]&#10;error: instance value (null) not found in enum (possible values: [&quot;N&quot;,&quot;D&quot;])&#10;    level: &quot;error&quot;&#10;    schema: {&quot;loadingURI&quot;:&quot;file:/D:/Learning/Revou/QA/CallPlan-Testing/target/test-classes/schemas/GetMasterList.json#&quot;,&quot;pointer&quot;:&quot;/properties/PERSON_TYPE_DAY_NIGHT&quot;}&#10;    instance: {&quot;pointer&quot;:&quot;/PERSON_TYPE_DAY_NIGHT&quot;}&#10;    domain: &quot;validation&quot;&#10;    keyword: &quot;enum&quot;&#10;    value: null&#10;    enum: [&quot;N&quot;,&quot;D&quot;]&#10;error: instance type (null) does not match any allowed primitive type (allowed: [&quot;string&quot;])&#10;    level: &quot;error&quot;&#10;    schema: {&quot;loadingURI&quot;:&quot;file:/D:/Learning/Revou/QA/CallPlan-Testing/target/test-classes/schemas/GetMasterList.json#&quot;,&quot;pointer&quot;:&quot;/properties/PERSON_TYPE_DAY_NIGHT&quot;}&#10;    instance: {&quot;pointer&quot;:&quot;/PERSON_TYPE_DAY_NIGHT&quot;}&#10;    domain: &quot;validation&quot;&#10;    keyword: &quot;type&quot;&#10;    found: &quot;null&quot;&#10;    expected: [&quot;string&quot;]&#10;&#10;     but: was &quot;{\&quot;RAYON_ID\&quot;:2952,\&quot;RAYON_CODE\&quot;:\&quot;TGRVIC0101\&quot;,\&quot;AREA_ID\&quot;:40,\&quot;AREA_CODE\&quot;:\&quot;TGR\&quot;,\&quot;PERSON_ID\&quot;:18034,\&quot;PERSON_CODE\&quot;:\&quot;CRM760606003431\&quot;,\&quot;PERSON_TYPE_NAME\&quot;:\&quot;CRM\&quot;,\&quot;FIRST_NAME\&quot;:\&quot;AMI*\&quot;,\&quot;LAST_NAME\&quot;:\&quot;HUS**\&quot;,\&quot;FULL_NAME\&quot;:\&quot;AMI* HUS**\&quot;,\&quot;SPECIALIST_NAME\&quot;:\&quot;SpA\&quot;,\&quot;IS_UPCOUNTRY\&quot;:null,\&quot;TOTAL_SCHEDULE\&quot;:0,\&quot;IS_HAVING_BEST_TIME_VISIT\&quot;:0,\&quot;MONDAY_DAY\&quot;:0,\&quot;MONDAY_NIGHT\&quot;:0,\&quot;TUESDAY_DAY\&quot;:0,\&quot;TUESDAY_NIGHT\&quot;:0,\&quot;WEDNESDAY_DAY\&quot;:0,\&quot;WEDNESDAY_NIGHT\&quot;:0,\&quot;THURSDAY_DAY\&quot;:0,\&quot;THURSDAY_NIGHT\&quot;:0,\&quot;FRIDAY_DAY\&quot;:0,\&quot;FRIDAY_NIGHT\&quot;:0,\&quot;PERSON_TYPE_DAY_NIGHT\&quot;:null}&quot;&#10;Schema validation failed for item at index 11: &#10;Expected: The content to match the given JSON schema.&#10;error: instance value (null) not found in enum (possible values: [&quot;N&quot;,&quot;D&quot;])&#10;    level: &quot;error&quot;&#10;    schema: {&quot;loadingURI&quot;:&quot;file:/D:/Learning/Revou/QA/CallPlan-Testing/target/test-classes/schemas/GetMasterList.json#&quot;,&quot;pointer&quot;:&quot;/properties/PERSON_TYPE_DAY_NIGHT&quot;}&#10;    instance: {&quot;pointer&quot;:&quot;/PERSON_TYPE_DAY_NIGHT&quot;}&#10;    domain: &quot;validation&quot;&#10;    keyword: &quot;enum&quot;&#10;    value: null&#10;    enum: [&quot;N&quot;,&quot;D&quot;]&#10;error: instance type (null) does not match any allowed primitive type (allowed: [&quot;string&quot;])&#10;    level: &quot;error&quot;&#10;    schema: {&quot;loadingURI&quot;:&quot;file:/D:/Learning/Revou/QA/CallPlan-Testing/target/test-classes/schemas/GetMasterList.json#&quot;,&quot;pointer&quot;:&quot;/properties/PERSON_TYPE_DAY_NIGHT&quot;}&#10;    instance: {&quot;pointer&quot;:&quot;/PERSON_TYPE_DAY_NIGHT&quot;}&#10;    domain: &quot;validation&quot;&#10;    keyword: &quot;type&quot;&#10;    found: &quot;null&quot;&#10;    expected: [&quot;string&quot;]&#10;&#10;     but: was &quot;{\&quot;RAYON_ID\&quot;:2952,\&quot;RAYON_CODE\&quot;:\&quot;TGRVIC0101\&quot;,\&quot;AREA_ID\&quot;:40,\&quot;AREA_CODE\&quot;:\&quot;TGR\&quot;,\&quot;PERSON_ID\&quot;:101956,\&quot;PERSON_CODE\&quot;:\&quot;CRM402110003986\&quot;,\&quot;PERSON_TYPE_NAME\&quot;:\&quot;CRM\&quot;,\&quot;FIRST_NAME\&quot;:\&quot;AND*\&quot;,\&quot;LAST_NAME\&quot;:\&quot;\&quot;,\&quot;FULL_NAME\&quot;:\&quot;AND* \&quot;,\&quot;SPECIALIST_NAME\&quot;:\&quot;GP\&quot;,\&quot;IS_UPCOUNTRY\&quot;:1,\&quot;TOTAL_SCHEDULE\&quot;:1,\&quot;IS_HAVING_BEST_TIME_VISIT\&quot;:1,\&quot;MONDAY_DAY\&quot;:0,\&quot;MONDAY_NIGHT\&quot;:0,\&quot;TUESDAY_DAY\&quot;:0,\&quot;TUESDAY_NIGHT\&quot;:1,\&quot;WEDNESDAY_DAY\&quot;:0,\&quot;WEDNESDAY_NIGHT\&quot;:0,\&quot;THURSDAY_DAY\&quot;:0,\&quot;THURSDAY_NIGHT\&quot;:0,\&quot;FRIDAY_DAY\&quot;:0,\&quot;FRIDAY_NIGHT\&quot;:0,\&quot;PERSON_TYPE_DAY_NIGHT\&quot;:null}&quot;&#10;Schema validation failed for item at index 12: &#10;Expected: The content to match the given JSON schema.&#10;error: instance value (null) not found in enum (possible values: [0,1])&#10;    level: &quot;error&quot;&#10;    schema: {&quot;loadingURI&quot;:&quot;file:/D:/Learning/Revou/QA/CallPlan-Testing/target/test-classes/schemas/GetMasterList.json#&quot;,&quot;pointer&quot;:&quot;/properties/IS_UPCOUNTRY&quot;}&#10;    instance: {&quot;pointer&quot;:&quot;/IS_UPCOUNTRY&quot;}&#10;    domain: &quot;validation&quot;&#10;    keyword: &quot;enum&quot;&#10;    value: null&#10;    enum: [0,1]&#10;error: instance type (null) does not match any allowed primitive type (allowed: [&quot;integer&quot;])&#10;    level: &quot;error&quot;&#10;    schema: {&quot;loadingURI&quot;:&quot;file:/D:/Learning/Revou/QA/CallPlan-Testing/target/test-classes/schemas/GetMasterList.json#&quot;,&quot;pointer&quot;:&quot;/properties/IS_UPCOUNTRY&quot;}&#10;    instance: {&quot;pointer&quot;:&quot;/IS_UPCOUNTRY&quot;}&#10;    domain: &quot;validation&quot;&#10;    keyword: &quot;type&quot;&#10;    found: &quot;null&quot;&#10;    expected: [&quot;integer&quot;]&#10;&#10;     but: was &quot;{\&quot;RAYON_ID\&quot;:2952,\&quot;RAYON_CODE\&quot;:\&quot;TGRVIC0101\&quot;,\&quot;AREA_ID\&quot;:40,\&quot;AREA_CODE\&quot;:\&quot;TGR\&quot;,\&quot;PERSON_ID\&quot;:80830,\&quot;PERSON_CODE\&quot;:\&quot;CRM401705001344\&quot;,\&quot;PERSON_TYPE_NAME\&quot;:\&quot;CRM\&quot;,\&quot;FIRST_NAME\&quot;:\&quot;AND**\&quot;,\&quot;LAST_NAME\&quot;:\&quot;JUL****** \&quot;,\&quot;FULL_NAME\&quot;:\&quot;AND** JUL****** \&quot;,\&quot;SPECIALIST_NAME\&quot;:\&quot;SpA\&quot;,\&quot;IS_UPCOUNTRY\&quot;:null,\&quot;TOTAL_SCHEDULE\&quot;:0,\&quot;IS_HAVING_BEST_TIME_VISIT\&quot;:0,\&quot;MONDAY_DAY\&quot;:0,\&quot;MONDAY_NIGHT\&quot;:1,\&quot;TUESDAY_DAY\&quot;:0,\&quot;TUESDAY_NIGHT\&quot;:1,\&quot;WEDNESDAY_DAY\&quot;:0,\&quot;WEDNESDAY_NIGHT\&quot;:1,\&quot;THURSDAY_DAY\&quot;:0,\&quot;THURSDAY_NIGHT\&quot;:1,\&quot;FRIDAY_DAY\&quot;:0,\&quot;FRIDAY_NIGHT\&quot;:1,\&quot;PERSON_TYPE_DAY_NIGHT\&quot;:\&quot;N\&quot;}&quot;&#10;Schema validation failed for item at index 13: &#10;Expected: The content to match the given JSON schema.&#10;error: instance value (null) not found in enum (possible values: [0,1])&#10;    level: &quot;error&quot;&#10;    schema: {&quot;loadingURI&quot;:&quot;file:/D:/Learning/Revou/QA/CallPlan-Testing/target/test-classes/schemas/GetMasterList.json#&quot;,&quot;pointer&quot;:&quot;/properties/IS_UPCOUNTRY&quot;}&#10;    instance: {&quot;pointer&quot;:&quot;/IS_UPCOUNTRY&quot;}&#10;    domain: &quot;validation&quot;&#10;    keyword: &quot;enum&quot;&#10;    value: null&#10;    enum: [0,1]&#10;error: instance type (null) does not match any allowed primitive type (allowed: [&quot;integer&quot;])&#10;    level: &quot;error&quot;&#10;    schema: {&quot;loadingURI&quot;:&quot;file:/D:/Learning/Revou/QA/CallPlan-Testing/target/test-classes/schemas/GetMasterList.json#&quot;,&quot;pointer&quot;:&quot;/properties/IS_UPCOUNTRY&quot;}&#10;    instance: {&quot;pointer&quot;:&quot;/IS_UPCOUNTRY&quot;}&#10;    domain: &quot;validation&quot;&#10;    keyword: &quot;type&quot;&#10;    found: &quot;null&quot;&#10;    expected: [&quot;integer&quot;]&#10;&#10;     but: was &quot;{\&quot;RAYON_ID\&quot;:2952,\&quot;RAYON_CODE\&quot;:\&quot;TGRVIC0101\&quot;,\&quot;AREA_ID\&quot;:40,\&quot;AREA_CODE\&quot;:\&quot;TGR\&quot;,\&quot;PERSON_ID\&quot;:108391,\&quot;PERSON_CODE\&quot;:\&quot;CRM12207004642\&quot;,\&quot;PERSON_TYPE_NAME\&quot;:\&quot;CRM\&quot;,\&quot;FIRST_NAME\&quot;:\&quot;AND***\&quot;,\&quot;LAST_NAME\&quot;:\&quot;YUR*** *********\&quot;,\&quot;FULL_NAME\&quot;:\&quot;AND*** YUR*** *********\&quot;,\&quot;SPECIALIST_NAME\&quot;:\&quot;SpOG\&quot;,\&quot;IS_UPCOUNTRY\&quot;:null,\&quot;TOTAL_SCHEDULE\&quot;:0,\&quot;IS_HAVING_BEST_TIME_VISIT\&quot;:0,\&quot;MONDAY_DAY\&quot;:0,\&quot;MONDAY_NIGHT\&quot;:1,\&quot;TUESDAY_DAY\&quot;:0,\&quot;TUESDAY_NIGHT\&quot;:1,\&quot;WEDNESDAY_DAY\&quot;:0,\&quot;WEDNESDAY_NIGHT\&quot;:1,\&quot;THURSDAY_DAY\&quot;:0,\&quot;THURSDAY_NIGHT\&quot;:1,\&quot;FRIDAY_DAY\&quot;:0,\&quot;FRIDAY_NIGHT\&quot;:1,\&quot;PERSON_TYPE_DAY_NIGHT\&quot;:\&quot;N\&quot;}&quot;&#10;Schema validation failed for item at index 15: &#10;Expected: The content to match the given JSON schema.&#10;error: instance value (null) not found in enum (possible values: [0,1])&#10;    level: &quot;error&quot;&#10;    schema: {&quot;loadingURI&quot;:&quot;file:/D:/Learning/Revou/QA/CallPlan-Testing/target/test-classes/schemas/GetMasterList.json#&quot;,&quot;pointer&quot;:&quot;/properties/IS_UPCOUNTRY&quot;}&#10;    instance: {&quot;pointer&quot;:&quot;/IS_UPCOUNTRY&quot;}&#10;    domain: &quot;validation&quot;&#10;    keyword: &quot;enum&quot;&#10;    value: null&#10;    enum: [0,1]&#10;error: instance type (null) does not match any allowed primitive type (allowed: [&quot;integer&quot;])&#10;    level: &quot;error&quot;&#10;    schema: {&quot;loadingURI&quot;:&quot;file:/D:/Learning/Revou/QA/CallPlan-Testing/target/test-classes/schemas/GetMasterList.json#&quot;,&quot;pointer&quot;:&quot;/properties/IS_UPCOUNTRY&quot;}&#10;    instance: {&quot;pointer&quot;:&quot;/IS_UPCOUNTRY&quot;}&#10;    domain: &quot;validation&quot;&#10;    keyword: &quot;type&quot;&#10;    found: &quot;null&quot;&#10;    expected: [&quot;integer&quot;]&#10;&#10;     but: was &quot;{\&quot;RAYON_ID\&quot;:2952,\&quot;RAYON_CODE\&quot;:\&quot;TGRVIC0101\&quot;,\&quot;AREA_ID\&quot;:40,\&quot;AREA_CODE\&quot;:\&quot;TGR\&quot;,\&quot;PERSON_ID\&quot;:7788,\&quot;PERSON_CODE\&quot;:\&quot;CRM100415483\&quot;,\&quot;PERSON_TYPE_NAME\&quot;:\&quot;CRM\&quot;,\&quot;FIRST_NAME\&quot;:\&quot;ANT****\&quot;,\&quot;LAST_NAME\&quot;:\&quot;ANN* ******\&quot;,\&quot;FULL_NAME\&quot;:\&quot;ANT**** ANN* ******\&quot;,\&quot;SPECIALIST_NAME\&quot;:\&quot;SpJP\&quot;,\&quot;IS_UPCOUNTRY\&quot;:null,\&quot;TOTAL_SCHEDULE\&quot;:0,\&quot;IS_HAVING_BEST_TIME_VISIT\&quot;:0,\&quot;MONDAY_DAY\&quot;:0,\&quot;MONDAY_NIGHT\&quot;:1,\&quot;TUESDAY_DAY\&quot;:0,\&quot;TUESDAY_NIGHT\&quot;:1,\&quot;WEDNESDAY_DAY\&quot;:0,\&quot;WEDNESDAY_NIGHT\&quot;:1,\&quot;THURSDAY_DAY\&quot;:0,\&quot;THURSDAY_NIGHT\&quot;:1,\&quot;FRIDAY_DAY\&quot;:0,\&quot;FRIDAY_NIGHT\&quot;:1,\&quot;PERSON_TYPE_DAY_NIGHT\&quot;:\&quot;N\&quot;}&quot;&#10;Schema validation failed for item at index 16: &#10;Expected: The content to match the given JSON schema.&#10;error: instance value (null) not found in enum (possible values: [0,1])&#10;    level: &quot;error&quot;&#10;    schema: {&quot;loadingURI&quot;:&quot;file:/D:/Learning/Revou/QA/CallPlan-Testing/target/test-classes/schemas/GetMasterList.json#&quot;,&quot;pointer&quot;:&quot;/properties/IS_UPCOUNTRY&quot;}&#10;    instance: {&quot;pointer&quot;:&quot;/IS_UPCOUNTRY&quot;}&#10;    domain: &quot;validation&quot;&#10;    keyword: &quot;enum&quot;&#10;    value: null&#10;    enum: [0,1]&#10;error: instance type (null) does not match any allowed primitive type (allowed: [&quot;integer&quot;])&#10;    level: &quot;error&quot;&#10;    schema: {&quot;loadingURI&quot;:&quot;file:/D:/Learning/Revou/QA/CallPlan-Testing/target/test-classes/schemas/GetMasterList.json#&quot;,&quot;pointer&quot;:&quot;/properties/IS_UPCOUNTRY&quot;}&#10;    instance: {&quot;pointer&quot;:&quot;/IS_UPCOUNTRY&quot;}&#10;    domain: &quot;validation&quot;&#10;    keyword: &quot;type&quot;&#10;    found: &quot;null&quot;&#10;    expected: [&quot;integer&quot;]&#10;error: instance value (null) not found in enum (possible values: [&quot;N&quot;,&quot;D&quot;])&#10;    level: &quot;error&quot;&#10;    schema: {&quot;loadingURI&quot;:&quot;file:/D:/Learning/Revou/QA/CallPlan-Testing/target/test-classes/schemas/GetMasterList.json#&quot;,&quot;pointer&quot;:&quot;/properties/PERSON_TYPE_DAY_NIGHT&quot;}&#10;    instance: {&quot;pointer&quot;:&quot;/PERSON_TYPE_DAY_NIGHT&quot;}&#10;    domain: &quot;validation&quot;&#10;    keyword: &quot;enum&quot;&#10;    value: null&#10;    enum: [&quot;N&quot;,&quot;D&quot;]&#10;error: instance type (null) does not match any allowed primitive type (allowed: [&quot;string&quot;])&#10;    level: &quot;error&quot;&#10;    schema: {&quot;loadingURI&quot;:&quot;file:/D:/Learning/Revou/QA/CallPlan-Testing/target/test-classes/schemas/GetMasterList.json#&quot;,&quot;pointer&quot;:&quot;/properties/PERSON_TYPE_DAY_NIGHT&quot;}&#10;    instance: {&quot;pointer&quot;:&quot;/PERSON_TYPE_DAY_NIGHT&quot;}&#10;    domain: &quot;validation&quot;&#10;    keyword: &quot;type&quot;&#10;    found: &quot;null&quot;&#10;    expected: [&quot;string&quot;]&#10;&#10;     but: was &quot;{\&quot;RAYON_ID\&quot;:2952,\&quot;RAYON_CODE\&quot;:\&quot;TGRVIC0101\&quot;,\&quot;AREA_ID\&quot;:40,\&quot;AREA_CODE\&quot;:\&quot;TGR\&quot;,\&quot;PERSON_ID\&quot;:90834,\&quot;PERSON_CODE\&quot;:\&quot;CRM401908003382\&quot;,\&quot;PERSON_TYPE_NAME\&quot;:\&quot;CRM\&quot;,\&quot;FIRST_NAME\&quot;:\&quot;ARI*\&quot;,\&quot;LAST_NAME\&quot;:\&quot;TRI******** *******\&quot;,\&quot;FULL_NAME\&quot;:\&quot;ARI* TRI******** *******\&quot;,\&quot;SPECIALIST_NAME\&quot;:\&quot;GP\&quot;,\&quot;IS_UPCOUNTRY\&quot;:null,\&quot;TOTAL_SCHEDULE\&quot;:0,\&quot;IS_HAVING_BEST_TIME_VISIT\&quot;:0,\&quot;MONDAY_DAY\&quot;:0,\&quot;MONDAY_NIGHT\&quot;:0,\&quot;TUESDAY_DAY\&quot;:0,\&quot;TUESDAY_NIGHT\&quot;:0,\&quot;WEDNESDAY_DAY\&quot;:0,\&quot;WEDNESDAY_NIGHT\&quot;:0,\&quot;THURSDAY_DAY\&quot;:0,\&quot;THURSDAY_NIGHT\&quot;:0,\&quot;FRIDAY_DAY\&quot;:0,\&quot;FRIDAY_NIGHT\&quot;:0,\&quot;PERSON_TYPE_DAY_NIGHT\&quot;:null}&quot;&#10;Schema validation failed for item at index 17: &#10;Expected: The content to match the given JSON schema.&#10;error: instance value (null) not found in enum (possible values: [0,1])&#10;    level: &quot;error&quot;&#10;    schema: {&quot;loadingURI&quot;:&quot;file:/D:/Learning/Revou/QA/CallPlan-Testing/target/test-classes/schemas/GetMasterList.json#&quot;,&quot;pointer&quot;:&quot;/properties/IS_UPCOUNTRY&quot;}&#10;    instance: {&quot;pointer&quot;:&quot;/IS_UPCOUNTRY&quot;}&#10;    domain: &quot;validation&quot;&#10;    keyword: &quot;enum&quot;&#10;    value: null&#10;    enum: [0,1]&#10;error: instance type (null) does not match any allowed primitive type (allowed: [&quot;integer&quot;])&#10;    level: &quot;error&quot;&#10;    schema: {&quot;loadingURI&quot;:&quot;file:/D:/Learning/Revou/QA/CallPlan-Testing/target/test-classes/schemas/GetMasterList.json#&quot;,&quot;pointer&quot;:&quot;/properties/IS_UPCOUNTRY&quot;}&#10;    instance: {&quot;pointer&quot;:&quot;/IS_UPCOUNTRY&quot;}&#10;    domain: &quot;validation&quot;&#10;    keyword: &quot;type&quot;&#10;    found: &quot;null&quot;&#10;    expected: [&quot;integer&quot;]&#10;&#10;     but: was &quot;{\&quot;RAYON_ID\&quot;:2952,\&quot;RAYON_CODE\&quot;:\&quot;TGRVIC0101\&quot;,\&quot;AREA_ID\&quot;:40,\&quot;AREA_CODE\&quot;:\&quot;TGR\&quot;,\&quot;PERSON_ID\&quot;:15526,\&quot;PERSON_CODE\&quot;:\&quot;CRM100415354\&quot;,\&quot;PERSON_TYPE_NAME\&quot;:\&quot;CRM\&quot;,\&quot;FIRST_NAME\&quot;:\&quot;BUD******\&quot;,\&quot;LAST_NAME\&quot;:\&quot;CHA****\&quot;,\&quot;FULL_NAME\&quot;:\&quot;BUD****** CHA****\&quot;,\&quot;SPECIALIST_NAME\&quot;:\&quot;SpOG\&quot;,\&quot;IS_UPCOUNTRY\&quot;:null,\&quot;TOTAL_SCHEDULE\&quot;:0,\&quot;IS_HAVING_BEST_TIME_VISIT\&quot;:0,\&quot;MONDAY_DAY\&quot;:0,\&quot;MONDAY_NIGHT\&quot;:1,\&quot;TUESDAY_DAY\&quot;:0,\&quot;TUESDAY_NIGHT\&quot;:1,\&quot;WEDNESDAY_DAY\&quot;:0,\&quot;WEDNESDAY_NIGHT\&quot;:1,\&quot;THURSDAY_DAY\&quot;:0,\&quot;THURSDAY_NIGHT\&quot;:1,\&quot;FRIDAY_DAY\&quot;:0,\&quot;FRIDAY_NIGHT\&quot;:1,\&quot;PERSON_TYPE_DAY_NIGHT\&quot;:\&quot;N\&quot;}&quot;&#10;Schema validation failed for item at index 18: &#10;Expected: The content to match the given JSON schema.&#10;error: instance value (null) not found in enum (possible values: [0,1])&#10;    level: &quot;error&quot;&#10;    schema: {&quot;loadingURI&quot;:&quot;file:/D:/Learning/Revou/QA/CallPlan-Testing/target/test-classes/schemas/GetMasterList.json#&quot;,&quot;pointer&quot;:&quot;/properties/IS_UPCOUNTRY&quot;}&#10;    instance: {&quot;pointer&quot;:&quot;/IS_UPCOUNTRY&quot;}&#10;    domain: &quot;validation&quot;&#10;    keyword: &quot;enum&quot;&#10;    value: null&#10;    enum: [0,1]&#10;error: instance type (null) does not match any allowed primitive type (allowed: [&quot;integer&quot;])&#10;    level: &quot;error&quot;&#10;    schema: {&quot;loadingURI&quot;:&quot;file:/D:/Learning/Revou/QA/CallPlan-Testing/target/test-classes/schemas/GetMasterList.json#&quot;,&quot;pointer&quot;:&quot;/properties/IS_UPCOUNTRY&quot;}&#10;    instance: {&quot;pointer&quot;:&quot;/IS_UPCOUNTRY&quot;}&#10;    domain: &quot;validation&quot;&#10;    keyword: &quot;type&quot;&#10;    found: &quot;null&quot;&#10;    expected: [&quot;integer&quot;]&#10;&#10;     but: was &quot;{\&quot;RAYON_ID\&quot;:2952,\&quot;RAYON_CODE\&quot;:\&quot;TGRVIC0101\&quot;,\&quot;AREA_ID\&quot;:40,\&quot;AREA_CODE\&quot;:\&quot;TGR\&quot;,\&quot;PERSON_ID\&quot;:64531,\&quot;PERSON_CODE\&quot;:\&quot;CRM11310004325\&quot;,\&quot;PERSON_TYPE_NAME\&quot;:\&quot;CRM\&quot;,\&quot;FIRST_NAME\&quot;:\&quot;C. ********\&quot;,\&quot;LAST_NAME\&quot;:\&quot;SRI ***** ****\&quot;,\&quot;FULL_NAME\&quot;:\&quot;C. ******** SRI ***** ****\&quot;,\&quot;SPECIALIST_NAME\&quot;:\&quot;SpOG\&quot;,\&quot;IS_UPCOUNTRY\&quot;:null,\&quot;TOTAL_SCHEDULE\&quot;:0,\&quot;IS_HAVING_BEST_TIME_VISIT\&quot;:0,\&quot;MONDAY_DAY\&quot;:0,\&quot;MONDAY_NIGHT\&quot;:1,\&quot;TUESDAY_DAY\&quot;:0,\&quot;TUESDAY_NIGHT\&quot;:1,\&quot;WEDNESDAY_DAY\&quot;:0,\&quot;WEDNESDAY_NIGHT\&quot;:1,\&quot;THURSDAY_DAY\&quot;:0,\&quot;THURSDAY_NIGHT\&quot;:1,\&quot;FRIDAY_DAY\&quot;:0,\&quot;FRIDAY_NIGHT\&quot;:1,\&quot;PERSON_TYPE_DAY_NIGHT\&quot;:\&quot;N\&quot;}&quot;&#10;Schema validation failed for item at index 19: &#10;Expected: The content to match the given JSON schema.&#10;error: instance value (null) not found in enum (possible values: [0,1])&#10;    level: &quot;error&quot;&#10;    schema: {&quot;loadingURI&quot;:&quot;file:/D:/Learning/Revou/QA/CallPlan-Testing/target/test-classes/schemas/GetMasterList.json#&quot;,&quot;pointer&quot;:&quot;/properties/IS_UPCOUNTRY&quot;}&#10;    instance: {&quot;pointer&quot;:&quot;/IS_UPCOUNTRY&quot;}&#10;    domain: &quot;validation&quot;&#10;    keyword: &quot;enum&quot;&#10;    value: null&#10;    enum: [0,1]&#10;error: instance type (null) does not match any allowed primitive type (allowed: [&quot;integer&quot;])&#10;    level: &quot;error&quot;&#10;    schema: {&quot;loadingURI&quot;:&quot;file:/D:/Learning/Revou/QA/CallPlan-Testing/target/test-classes/schemas/GetMasterList.json#&quot;,&quot;pointer&quot;:&quot;/properties/IS_UPCOUNTRY&quot;}&#10;    instance: {&quot;pointer&quot;:&quot;/IS_UPCOUNTRY&quot;}&#10;    domain: &quot;validation&quot;&#10;    keyword: &quot;type&quot;&#10;    found: &quot;null&quot;&#10;    expected: [&quot;integer&quot;]&#10;error: instance value (null) not found in enum (possible values: [&quot;N&quot;,&quot;D&quot;])&#10;    level: &quot;error&quot;&#10;    schema: {&quot;loadingURI&quot;:&quot;file:/D:/Learning/Revou/QA/CallPlan-Testing/target/test-classes/schemas/GetMasterList.json#&quot;,&quot;pointer&quot;:&quot;/properties/PERSON_TYPE_DAY_NIGHT&quot;}&#10;    instance: {&quot;pointer&quot;:&quot;/PERSON_TYPE_DAY_NIGHT&quot;}&#10;    domain: &quot;validation&quot;&#10;    keyword: &quot;enum&quot;&#10;    value: null&#10;    enum: [&quot;N&quot;,&quot;D&quot;]&#10;error: instance type (null) does not match any allowed primitive type (allowed: [&quot;string&quot;])&#10;    level: &quot;error&quot;&#10;    schema: {&quot;loadingURI&quot;:&quot;file:/D:/Learning/Revou/QA/CallPlan-Testing/target/test-classes/schemas/GetMasterList.json#&quot;,&quot;pointer&quot;:&quot;/properties/PERSON_TYPE_DAY_NIGHT&quot;}&#10;    instance: {&quot;pointer&quot;:&quot;/PERSON_TYPE_DAY_NIGHT&quot;}&#10;    domain: &quot;validation&quot;&#10;    keyword: &quot;type&quot;&#10;    found: &quot;null&quot;&#10;    expected: [&quot;string&quot;]&#10;&#10;     but: was &quot;{\&quot;RAYON_ID\&quot;:2952,\&quot;RAYON_CODE\&quot;:\&quot;TGRVIC0101\&quot;,\&quot;AREA_ID\&quot;:40,\&quot;AREA_CODE\&quot;:\&quot;TGR\&quot;,\&quot;PERSON_ID\&quot;:63330,\&quot;PERSON_CODE\&quot;:\&quot;CRM551307003111\&quot;,\&quot;PERSON_TYPE_NAME\&quot;:\&quot;CRM\&quot;,\&quot;FIRST_NAME\&quot;:\&quot;CLA**\&quot;,\&quot;LAST_NAME\&quot;:\&quot;NIK****\&quot;,\&quot;FULL_NAME\&quot;:\&quot;CLA** NIK****\&quot;,\&quot;SPECIALIST_NAME\&quot;:\&quot;GP\&quot;,\&quot;IS_UPCOUNTRY\&quot;:null,\&quot;TOTAL_SCHEDULE\&quot;:0,\&quot;IS_HAVING_BEST_TIME_VISIT\&quot;:0,\&quot;MONDAY_DAY\&quot;:0,\&quot;MONDAY_NIGHT\&quot;:0,\&quot;TUESDAY_DAY\&quot;:0,\&quot;TUESDAY_NIGHT\&quot;:0,\&quot;WEDNESDAY_DAY\&quot;:0,\&quot;WEDNESDAY_NIGHT\&quot;:0,\&quot;THURSDAY_DAY\&quot;:0,\&quot;THURSDAY_NIGHT\&quot;:0,\&quot;FRIDAY_DAY\&quot;:0,\&quot;FRIDAY_NIGHT\&quot;:0,\&quot;PERSON_TYPE_DAY_NIGHT\&quot;:null}&quot;&#10;Schema validation failed for item at index 20: &#10;Expected: The content to match the given JSON schema.&#10;error: instance value (null) not found in enum (possible values: [0,1])&#10;    level: &quot;error&quot;&#10;    schema: {&quot;loadingURI&quot;:&quot;file:/D:/Learning/Revou/QA/CallPlan-Testing/target/test-classes/schemas/GetMasterList.json#&quot;,&quot;pointer&quot;:&quot;/properties/IS_UPCOUNTRY&quot;}&#10;    instance: {&quot;pointer&quot;:&quot;/IS_UPCOUNTRY&quot;}&#10;    domain: &quot;validation&quot;&#10;    keyword: &quot;enum&quot;&#10;    value: null&#10;    enum: [0,1]&#10;error: instance type (null) does not match any allowed primitive type (allowed: [&quot;integer&quot;])&#10;    level: &quot;error&quot;&#10;    schema: {&quot;loadingURI&quot;:&quot;file:/D:/Learning/Revou/QA/CallPlan-Testing/target/test-classes/schemas/GetMasterList.json#&quot;,&quot;pointer&quot;:&quot;/properties/IS_UPCOUNTRY&quot;}&#10;    instance: {&quot;pointer&quot;:&quot;/IS_UPCOUNTRY&quot;}&#10;    domain: &quot;validation&quot;&#10;    keyword: &quot;type&quot;&#10;    found: &quot;null&quot;&#10;    expected: [&quot;integer&quot;]&#10;&#10;     but: was &quot;{\&quot;RAYON_ID\&quot;:2952,\&quot;RAYON_CODE\&quot;:\&quot;TGRVIC0101\&quot;,\&quot;AREA_ID\&quot;:40,\&quot;AREA_CODE\&quot;:\&quot;TGR\&quot;,\&quot;PERSON_ID\&quot;:13746,\&quot;PERSON_CODE\&quot;:\&quot;CRM100415525\&quot;,\&quot;PERSON_TYPE_NAME\&quot;:\&quot;CRM\&quot;,\&quot;FIRST_NAME\&quot;:\&quot;DAC*****\&quot;,\&quot;LAST_NAME\&quot;:\&quot;DAU*\&quot;,\&quot;FULL_NAME\&quot;:\&quot;DAC***** DAU*\&quot;,\&quot;SPECIALIST_NAME\&quot;:\&quot;SpOG\&quot;,\&quot;IS_UPCOUNTRY\&quot;:null,\&quot;TOTAL_SCHEDULE\&quot;:0,\&quot;IS_HAVING_BEST_TIME_VISIT\&quot;:0,\&quot;MONDAY_DAY\&quot;:0,\&quot;MONDAY_NIGHT\&quot;:1,\&quot;TUESDAY_DAY\&quot;:0,\&quot;TUESDAY_NIGHT\&quot;:1,\&quot;WEDNESDAY_DAY\&quot;:0,\&quot;WEDNESDAY_NIGHT\&quot;:1,\&quot;THURSDAY_DAY\&quot;:0,\&quot;THURSDAY_NIGHT\&quot;:1,\&quot;FRIDAY_DAY\&quot;:0,\&quot;FRIDAY_NIGHT\&quot;:1,\&quot;PERSON_TYPE_DAY_NIGHT\&quot;:\&quot;N\&quot;}&quot;&#10;Schema validation failed for item at index 21: &#10;Expected: The content to match the given JSON schema.&#10;error: instance value (null) not found in enum (possible values: [0,1])&#10;    level: &quot;error&quot;&#10;    schema: {&quot;loadingURI&quot;:&quot;file:/D:/Learning/Revou/QA/CallPlan-Testing/target/test-classes/schemas/GetMasterList.json#&quot;,&quot;pointer&quot;:&quot;/properties/IS_UPCOUNTRY&quot;}&#10;    instance: {&quot;pointer&quot;:&quot;/IS_UPCOUNTRY&quot;}&#10;    domain: &quot;validation&quot;&#10;    keyword: &quot;enum&quot;&#10;    value: null&#10;    enum: [0,1]&#10;error: instance type (null) does not match any allowed primitive type (allowed: [&quot;integer&quot;])&#10;    level: &quot;error&quot;&#10;    schema: {&quot;loadingURI&quot;:&quot;file:/D:/Learning/Revou/QA/CallPlan-Testing/target/test-classes/schemas/GetMasterList.json#&quot;,&quot;pointer&quot;:&quot;/properties/IS_UPCOUNTRY&quot;}&#10;    instance: {&quot;pointer&quot;:&quot;/IS_UPCOUNTRY&quot;}&#10;    domain: &quot;validation&quot;&#10;    keyword: &quot;type&quot;&#10;    found: &quot;null&quot;&#10;    expected: [&quot;integer&quot;]&#10;error: instance value (null) not found in enum (possible values: [&quot;N&quot;,&quot;D&quot;])&#10;    level: &quot;error&quot;&#10;    schema: {&quot;loadingURI&quot;:&quot;file:/D:/Learning/Revou/QA/CallPlan-Testing/target/test-classes/schemas/GetMasterList.json#&quot;,&quot;pointer&quot;:&quot;/properties/PERSON_TYPE_DAY_NIGHT&quot;}&#10;    instance: {&quot;pointer&quot;:&quot;/PERSON_TYPE_DAY_NIGHT&quot;}&#10;    domain: &quot;validation&quot;&#10;    keyword: &quot;enum&quot;&#10;    value: null&#10;    enum: [&quot;N&quot;,&quot;D&quot;]&#10;error: instance type (null) does not match any allowed primitive type (allowed: [&quot;string&quot;])&#10;    level: &quot;error&quot;&#10;    schema: {&quot;loadingURI&quot;:&quot;file:/D:/Learning/Revou/QA/CallPlan-Testing/target/test-classes/schemas/GetMasterList.json#&quot;,&quot;pointer&quot;:&quot;/properties/PERSON_TYPE_DAY_NIGHT&quot;}&#10;    instance: {&quot;pointer&quot;:&quot;/PERSON_TYPE_DAY_NIGHT&quot;}&#10;    domain: &quot;validation&quot;&#10;    keyword: &quot;type&quot;&#10;    found: &quot;null&quot;&#10;    expected: [&quot;string&quot;]&#10;&#10;     but: was &quot;{\&quot;RAYON_ID\&quot;:2952,\&quot;RAYON_CODE\&quot;:\&quot;TGRVIC0101\&quot;,\&quot;AREA_ID\&quot;:40,\&quot;AREA_CODE\&quot;:\&quot;TGR\&quot;,\&quot;PERSON_ID\&quot;:52523,\&quot;PERSON_CODE\&quot;:\&quot;CRM11108003064\&quot;,\&quot;PERSON_TYPE_NAME\&quot;:\&quot;CRM\&quot;,\&quot;FIRST_NAME\&quot;:\&quot;DAR***\&quot;,\&quot;LAST_NAME\&quot;:\&quot;FER***** *****\&quot;,\&quot;FULL_NAME\&quot;:\&quot;DAR*** FER***** *****\&quot;,\&quot;SPECIALIST_NAME\&quot;:\&quot;GP\&quot;,\&quot;IS_UPCOUNTRY\&quot;:null,\&quot;TOTAL_SCHEDULE\&quot;:0,\&quot;IS_HAVING_BEST_TIME_VISIT\&quot;:0,\&quot;MONDAY_DAY\&quot;:0,\&quot;MONDAY_NIGHT\&quot;:0,\&quot;TUESDAY_DAY\&quot;:0,\&quot;TUESDAY_NIGHT\&quot;:0,\&quot;WEDNESDAY_DAY\&quot;:0,\&quot;WEDNESDAY_NIGHT\&quot;:0,\&quot;THURSDAY_DAY\&quot;:0,\&quot;THURSDAY_NIGHT\&quot;:0,\&quot;FRIDAY_DAY\&quot;:0,\&quot;FRIDAY_NIGHT\&quot;:0,\&quot;PERSON_TYPE_DAY_NIGHT\&quot;:null}&quot;&#10;Schema validation failed for item at index 22: &#10;Expected: The content to match the given JSON schema.&#10;error: instance value (null) not found in enum (possible values: [0,1])&#10;    level: &quot;error&quot;&#10;    schema: {&quot;loadingURI&quot;:&quot;file:/D:/Learning/Revou/QA/CallPlan-Testing/target/test-classes/schemas/GetMasterList.json#&quot;,&quot;pointer&quot;:&quot;/properties/IS_UPCOUNTRY&quot;}&#10;    instance: {&quot;pointer&quot;:&quot;/IS_UPCOUNTRY&quot;}&#10;    domain: &quot;validation&quot;&#10;    keyword: &quot;enum&quot;&#10;    value: null&#10;    enum: [0,1]&#10;error: instance type (null) does not match any allowed primitive type (allowed: [&quot;integer&quot;])&#10;    level: &quot;error&quot;&#10;    schema: {&quot;loadingURI&quot;:&quot;file:/D:/Learning/Revou/QA/CallPlan-Testing/target/test-classes/schemas/GetMasterList.json#&quot;,&quot;pointer&quot;:&quot;/properties/IS_UPCOUNTRY&quot;}&#10;    instance: {&quot;pointer&quot;:&quot;/IS_UPCOUNTRY&quot;}&#10;    domain: &quot;validation&quot;&#10;    keyword: &quot;type&quot;&#10;    found: &quot;null&quot;&#10;    expected: [&quot;integer&quot;]&#10;error: instance value (null) not found in enum (possible values: [&quot;N&quot;,&quot;D&quot;])&#10;    level: &quot;error&quot;&#10;    schema: {&quot;loadingURI&quot;:&quot;file:/D:/Learning/Revou/QA/CallPlan-Testing/target/test-classes/schemas/GetMasterList.json#&quot;,&quot;pointer&quot;:&quot;/properties/PERSON_TYPE_DAY_NIGHT&quot;}&#10;    instance: {&quot;pointer&quot;:&quot;/PERSON_TYPE_DAY_NIGHT&quot;}&#10;    domain: &quot;validation&quot;&#10;    keyword: &quot;enum&quot;&#10;    value: null&#10;    enum: [&quot;N&quot;,&quot;D&quot;]&#10;error: instance type (null) does not match any allowed primitive type (allowed: [&quot;string&quot;])&#10;    level: &quot;error&quot;&#10;    schema: {&quot;loadingURI&quot;:&quot;file:/D:/Learning/Revou/QA/CallPlan-Testing/target/test-classes/schemas/GetMasterList.json#&quot;,&quot;pointer&quot;:&quot;/properties/PERSON_TYPE_DAY_NIGHT&quot;}&#10;    instance: {&quot;pointer&quot;:&quot;/PERSON_TYPE_DAY_NIGHT&quot;}&#10;    domain: &quot;validation&quot;&#10;    keyword: &quot;type&quot;&#10;    found: &quot;null&quot;&#10;    expected: [&quot;string&quot;]&#10;&#10;     but: was &quot;{\&quot;RAYON_ID\&quot;:2952,\&quot;RAYON_CODE\&quot;:\&quot;TGRVIC0101\&quot;,\&quot;AREA_ID\&quot;:40,\&quot;AREA_CODE\&quot;:\&quot;TGR\&quot;,\&quot;PERSON_ID\&quot;:95495,\&quot;PERSON_CODE\&quot;:\&quot;CRM402006002647\&quot;,\&quot;PERSON_TYPE_NAME\&quot;:\&quot;CRM\&quot;,\&quot;FIRST_NAME\&quot;:\&quot;DED*\&quot;,\&quot;LAST_NAME\&quot;:\&quot;ARI*\&quot;,\&quot;FULL_NAME\&quot;:\&quot;DED* ARI*\&quot;,\&quot;SPECIALIST_NAME\&quot;:\&quot;GP\&quot;,\&quot;IS_UPCOUNTRY\&quot;:null,\&quot;TOTAL_SCHEDULE\&quot;:0,\&quot;IS_HAVING_BEST_TIME_VISIT\&quot;:0,\&quot;MONDAY_DAY\&quot;:0,\&quot;MONDAY_NIGHT\&quot;:0,\&quot;TUESDAY_DAY\&quot;:0,\&quot;TUESDAY_NIGHT\&quot;:0,\&quot;WEDNESDAY_DAY\&quot;:0,\&quot;WEDNESDAY_NIGHT\&quot;:0,\&quot;THURSDAY_DAY\&quot;:0,\&quot;THURSDAY_NIGHT\&quot;:0,\&quot;FRIDAY_DAY\&quot;:0,\&quot;FRIDAY_NIGHT\&quot;:0,\&quot;PERSON_TYPE_DAY_NIGHT\&quot;:null}&quot;&#10;Schema validation failed for item at index 23: &#10;Expected: The content to match the given JSON schema.&#10;error: instance value (null) not found in enum (possible values: [0,1])&#10;    level: &quot;error&quot;&#10;    schema: {&quot;loadingURI&quot;:&quot;file:/D:/Learning/Revou/QA/CallPlan-Testing/target/test-classes/schemas/GetMasterList.json#&quot;,&quot;pointer&quot;:&quot;/properties/IS_UPCOUNTRY&quot;}&#10;    instance: {&quot;pointer&quot;:&quot;/IS_UPCOUNTRY&quot;}&#10;    domain: &quot;validation&quot;&#10;    keyword: &quot;enum&quot;&#10;    value: null&#10;    enum: [0,1]&#10;error: instance type (null) does not match any allowed primitive type (allowed: [&quot;integer&quot;])&#10;    level: &quot;error&quot;&#10;    schema: {&quot;loadingURI&quot;:&quot;file:/D:/Learning/Revou/QA/CallPlan-Testing/target/test-classes/schemas/GetMasterList.json#&quot;,&quot;pointer&quot;:&quot;/properties/IS_UPCOUNTRY&quot;}&#10;    instance: {&quot;pointer&quot;:&quot;/IS_UPCOUNTRY&quot;}&#10;    domain: &quot;validation&quot;&#10;    keyword: &quot;type&quot;&#10;    found: &quot;null&quot;&#10;    expected: [&quot;integer&quot;]&#10;&#10;     but: was &quot;{\&quot;RAYON_ID\&quot;:2952,\&quot;RAYON_CODE\&quot;:\&quot;TGRVIC0101\&quot;,\&quot;AREA_ID\&quot;:40,\&quot;AREA_CODE\&quot;:\&quot;TGR\&quot;,\&quot;PERSON_ID\&quot;:90163,\&quot;PERSON_CODE\&quot;:\&quot;CRM401907002630\&quot;,\&quot;PERSON_TYPE_NAME\&quot;:\&quot;CRM\&quot;,\&quot;FIRST_NAME\&quot;:\&quot;DED**\&quot;,\&quot;LAST_NAME\&quot;:\&quot;HER***** *******\&quot;,\&quot;FULL_NAME\&quot;:\&quot;DED** HER***** *******\&quot;,\&quot;SPECIALIST_NAME\&quot;:\&quot;SpJP\&quot;,\&quot;IS_UPCOUNTRY\&quot;:null,\&quot;TOTAL_SCHEDULE\&quot;:0,\&quot;IS_HAVING_BEST_TIME_VISIT\&quot;:0,\&quot;MONDAY_DAY\&quot;:1,\&quot;MONDAY_NIGHT\&quot;:0,\&quot;TUESDAY_DAY\&quot;:1,\&quot;TUESDAY_NIGHT\&quot;:0,\&quot;WEDNESDAY_DAY\&quot;:1,\&quot;WEDNESDAY_NIGHT\&quot;:0,\&quot;THURSDAY_DAY\&quot;:1,\&quot;THURSDAY_NIGHT\&quot;:0,\&quot;FRIDAY_DAY\&quot;:1,\&quot;FRIDAY_NIGHT\&quot;:0,\&quot;PERSON_TYPE_DAY_NIGHT\&quot;:\&quot;D\&quot;}&quot;&#10;Schema validation failed for item at index 24: &#10;Expected: The content to match the given JSON schema.&#10;error: instance value (null) not found in enum (possible values: [0,1])&#10;    level: &quot;error&quot;&#10;    schema: {&quot;loadingURI&quot;:&quot;file:/D:/Learning/Revou/QA/CallPlan-Testing/target/test-classes/schemas/GetMasterList.json#&quot;,&quot;pointer&quot;:&quot;/properties/IS_UPCOUNTRY&quot;}&#10;    instance: {&quot;pointer&quot;:&quot;/IS_UPCOUNTRY&quot;}&#10;    domain: &quot;validation&quot;&#10;    keyword: &quot;enum&quot;&#10;    value: null&#10;    enum: [0,1]&#10;error: instance type (null) does not match any allowed primitive type (allowed: [&quot;integer&quot;])&#10;    level: &quot;error&quot;&#10;    schema: {&quot;loadingURI&quot;:&quot;file:/D:/Learning/Revou/QA/CallPlan-Testing/target/test-classes/schemas/GetMasterList.json#&quot;,&quot;pointer&quot;:&quot;/properties/IS_UPCOUNTRY&quot;}&#10;    instance: {&quot;pointer&quot;:&quot;/IS_UPCOUNTRY&quot;}&#10;    domain: &quot;validation&quot;&#10;    keyword: &quot;type&quot;&#10;    found: &quot;null&quot;&#10;    expected: [&quot;integer&quot;]&#10;error: instance value (null) not found in enum (possible values: [&quot;N&quot;,&quot;D&quot;])&#10;    level: &quot;error&quot;&#10;    schema: {&quot;loadingURI&quot;:&quot;file:/D:/Learning/Revou/QA/CallPlan-Testing/target/test-classes/schemas/GetMasterList.json#&quot;,&quot;pointer&quot;:&quot;/properties/PERSON_TYPE_DAY_NIGHT&quot;}&#10;    instance: {&quot;pointer&quot;:&quot;/PERSON_TYPE_DAY_NIGHT&quot;}&#10;    domain: &quot;validation&quot;&#10;    keyword: &quot;enum&quot;&#10;    value: null&#10;    enum: [&quot;N&quot;,&quot;D&quot;]&#10;error: instance type (null) does not match any allowed primitive type (allowed: [&quot;string&quot;])&#10;    level: &quot;error&quot;&#10;    schema: {&quot;loadingURI&quot;:&quot;file:/D:/Learning/Revou/QA/CallPlan-Testing/target/test-classes/schemas/GetMasterList.json#&quot;,&quot;pointer&quot;:&quot;/properties/PERSON_TYPE_DAY_NIGHT&quot;}&#10;    instance: {&quot;pointer&quot;:&quot;/PERSON_TYPE_DAY_NIGHT&quot;}&#10;    domain: &quot;validation&quot;&#10;    keyword: &quot;type&quot;&#10;    found: &quot;null&quot;&#10;    expected: [&quot;string&quot;]&#10;&#10;     but: was &quot;{\&quot;RAYON_ID\&quot;:2952,\&quot;RAYON_CODE\&quot;:\&quot;TGRVIC0101\&quot;,\&quot;AREA_ID\&quot;:40,\&quot;AREA_CODE\&quot;:\&quot;TGR\&quot;,\&quot;PERSON_ID\&quot;:14773,\&quot;PERSON_CODE\&quot;:\&quot;CRM990711002923\&quot;,\&quot;PERSON_TYPE_NAME\&quot;:\&quot;CRM\&quot;,\&quot;FIRST_NAME\&quot;:\&quot;DEN**\&quot;,\&quot;LAST_NAME\&quot;:\&quot;ANJ***\&quot;,\&quot;FULL_NAME\&quot;:\&quot;DEN** ANJ***\&quot;,\&quot;SPECIALIST_NAME\&quot;:\&quot;SpA\&quot;,\&quot;IS_UPCOUNTRY\&quot;:null,\&quot;TOTAL_SCHEDULE\&quot;:0,\&quot;IS_HAVING_BEST_TIME_VISIT\&quot;:0,\&quot;MONDAY_DAY\&quot;:0,\&quot;MONDAY_NIGHT\&quot;:0,\&quot;TUESDAY_DAY\&quot;:0,\&quot;TUESDAY_NIGHT\&quot;:0,\&quot;WEDNESDAY_DAY\&quot;:0,\&quot;WEDNESDAY_NIGHT\&quot;:0,\&quot;THURSDAY_DAY\&quot;:0,\&quot;THURSDAY_NIGHT\&quot;:0,\&quot;FRIDAY_DAY\&quot;:0,\&quot;FRIDAY_NIGHT\&quot;:0,\&quot;PERSON_TYPE_DAY_NIGHT\&quot;:null}&quot;&#10;Schema validation failed for item at index 25: &#10;Expected: The content to match the given JSON schema.&#10;error: instance value (null) not found in enum (possible values: [0,1])&#10;    level: &quot;error&quot;&#10;    schema: {&quot;loadingURI&quot;:&quot;file:/D:/Learning/Revou/QA/CallPlan-Testing/target/test-classes/schemas/GetMasterList.json#&quot;,&quot;pointer&quot;:&quot;/properties/IS_UPCOUNTRY&quot;}&#10;    instance: {&quot;pointer&quot;:&quot;/IS_UPCOUNTRY&quot;}&#10;    domain: &quot;validation&quot;&#10;    keyword: &quot;enum&quot;&#10;    value: null&#10;    enum: [0,1]&#10;error: instance type (null) does not match any allowed primitive type (allowed: [&quot;integer&quot;])&#10;    level: &quot;error&quot;&#10;    schema: {&quot;loadingURI&quot;:&quot;file:/D:/Learning/Revou/QA/CallPlan-Testing/target/test-classes/schemas/GetMasterList.json#&quot;,&quot;pointer&quot;:&quot;/properties/IS_UPCOUNTRY&quot;}&#10;    instance: {&quot;pointer&quot;:&quot;/IS_UPCOUNTRY&quot;}&#10;    domain: &quot;validation&quot;&#10;    keyword: &quot;type&quot;&#10;    found: &quot;null&quot;&#10;    expected: [&quot;integer&quot;]&#10;error: instance value (null) not found in enum (possible values: [&quot;N&quot;,&quot;D&quot;])&#10;    level: &quot;error&quot;&#10;    schema: {&quot;loadingURI&quot;:&quot;file:/D:/Learning/Revou/QA/CallPlan-Testing/target/test-classes/schemas/GetMasterList.json#&quot;,&quot;pointer&quot;:&quot;/properties/PERSON_TYPE_DAY_NIGHT&quot;}&#10;    instance: {&quot;pointer&quot;:&quot;/PERSON_TYPE_DAY_NIGHT&quot;}&#10;    domain: &quot;validation&quot;&#10;    keyword: &quot;enum&quot;&#10;    value: null&#10;    enum: [&quot;N&quot;,&quot;D&quot;]&#10;error: instance type (null) does not match any allowed primitive type (allowed: [&quot;string&quot;])&#10;    level: &quot;error&quot;&#10;    schema: {&quot;loadingURI&quot;:&quot;file:/D:/Learning/Revou/QA/CallPlan-Testing/target/test-classes/schemas/GetMasterList.json#&quot;,&quot;pointer&quot;:&quot;/properties/PERSON_TYPE_DAY_NIGHT&quot;}&#10;    instance: {&quot;pointer&quot;:&quot;/PERSON_TYPE_DAY_NIGHT&quot;}&#10;    domain: &quot;validation&quot;&#10;    keyword: &quot;type&quot;&#10;    found: &quot;null&quot;&#10;    expected: [&quot;string&quot;]&#10;&#10;     but: was &quot;{\&quot;RAYON_ID\&quot;:2952,\&quot;RAYON_CODE\&quot;:\&quot;TGRVIC0101\&quot;,\&quot;AREA_ID\&quot;:40,\&quot;AREA_CODE\&quot;:\&quot;TGR\&quot;,\&quot;PERSON_ID\&quot;:87503,\&quot;PERSON_CODE\&quot;:\&quot;CRM41812004255\&quot;,\&quot;PERSON_TYPE_NAME\&quot;:\&quot;CRM\&quot;,\&quot;FIRST_NAME\&quot;:\&quot;DEW*\&quot;,\&quot;LAST_NAME\&quot;:\&quot;KAR**** ** *****\&quot;,\&quot;FULL_NAME\&quot;:\&quot;DEW* KAR**** ** *****\&quot;,\&quot;SPECIALIST_NAME\&quot;:\&quot;SpOG\&quot;,\&quot;IS_UPCOUNTRY\&quot;:null,\&quot;TOTAL_SCHEDULE\&quot;:0,\&quot;IS_HAVING_BEST_TIME_VISIT\&quot;:0,\&quot;MONDAY_DAY\&quot;:0,\&quot;MONDAY_NIGHT\&quot;:0,\&quot;TUESDAY_DAY\&quot;:0,\&quot;TUESDAY_NIGHT\&quot;:0,\&quot;WEDNESDAY_DAY\&quot;:0,\&quot;WEDNESDAY_NIGHT\&quot;:0,\&quot;THURSDAY_DAY\&quot;:0,\&quot;THURSDAY_NIGHT\&quot;:0,\&quot;FRIDAY_DAY\&quot;:0,\&quot;FRIDAY_NIGHT\&quot;:0,\&quot;PERSON_TYPE_DAY_NIGHT\&quot;:null}&quot;&#10;Schema validation failed for item at index 26: &#10;Expected: The content to match the given JSON schema.&#10;error: instance value (null) not found in enum (possible values: [0,1])&#10;    level: &quot;error&quot;&#10;    schema: {&quot;loadingURI&quot;:&quot;file:/D:/Learning/Revou/QA/CallPlan-Testing/target/test-classes/schemas/GetMasterList.json#&quot;,&quot;pointer&quot;:&quot;/properties/IS_UPCOUNTRY&quot;}&#10;    instance: {&quot;pointer&quot;:&quot;/IS_UPCOUNTRY&quot;}&#10;    domain: &quot;validation&quot;&#10;    keyword: &quot;enum&quot;&#10;    value: null&#10;    enum: [0,1]&#10;error: instance type (null) does not match any allowed primitive type (allowed: [&quot;integer&quot;])&#10;    level: &quot;error&quot;&#10;    schema: {&quot;loadingURI&quot;:&quot;file:/D:/Learning/Revou/QA/CallPlan-Testing/target/test-classes/schemas/GetMasterList.json#&quot;,&quot;pointer&quot;:&quot;/properties/IS_UPCOUNTRY&quot;}&#10;    instance: {&quot;pointer&quot;:&quot;/IS_UPCOUNTRY&quot;}&#10;    domain: &quot;validation&quot;&#10;    keyword: &quot;type&quot;&#10;    found: &quot;null&quot;&#10;    expected: [&quot;integer&quot;]&#10;&#10;     but: was &quot;{\&quot;RAYON_ID\&quot;:2952,\&quot;RAYON_CODE\&quot;:\&quot;TGRVIC0101\&quot;,\&quot;AREA_ID\&quot;:40,\&quot;AREA_CODE\&quot;:\&quot;TGR\&quot;,\&quot;PERSON_ID\&quot;:49511,\&quot;PERSON_CODE\&quot;:\&quot;CRM990910002445\&quot;,\&quot;PERSON_TYPE_NAME\&quot;:\&quot;CRM\&quot;,\&quot;FIRST_NAME\&quot;:\&quot;DIN* \&quot;,\&quot;LAST_NAME\&quot;:\&quot;GAR******\&quot;,\&quot;FULL_NAME\&quot;:\&quot;DIN*  GAR******\&quot;,\&quot;SPECIALIST_NAME\&quot;:\&quot;SpA\&quot;,\&quot;IS_UPCOUNTRY\&quot;:null,\&quot;TOTAL_SCHEDULE\&quot;:0,\&quot;IS_HAVING_BEST_TIME_VISIT\&quot;:0,\&quot;MONDAY_DAY\&quot;:0,\&quot;MONDAY_NIGHT\&quot;:1,\&quot;TUESDAY_DAY\&quot;:0,\&quot;TUESDAY_NIGHT\&quot;:1,\&quot;WEDNESDAY_DAY\&quot;:0,\&quot;WEDNESDAY_NIGHT\&quot;:1,\&quot;THURSDAY_DAY\&quot;:0,\&quot;THURSDAY_NIGHT\&quot;:1,\&quot;FRIDAY_DAY\&quot;:0,\&quot;FRIDAY_NIGHT\&quot;:1,\&quot;PERSON_TYPE_DAY_NIGHT\&quot;:\&quot;N\&quot;}&quot;&#10;Schema validation failed for item at index 27: &#10;Expected: The content to match the given JSON schema.&#10;error: instance value (null) not found in enum (possible values: [0,1])&#10;    level: &quot;error&quot;&#10;    schema: {&quot;loadingURI&quot;:&quot;file:/D:/Learning/Revou/QA/CallPlan-Testing/target/test-classes/schemas/GetMasterList.json#&quot;,&quot;pointer&quot;:&quot;/properties/IS_UPCOUNTRY&quot;}&#10;    instance: {&quot;pointer&quot;:&quot;/IS_UPCOUNTRY&quot;}&#10;    domain: &quot;validation&quot;&#10;    keyword: &quot;enum&quot;&#10;    value: null&#10;    enum: [0,1]&#10;error: instance type (null) does not match any allowed primitive type (allowed: [&quot;integer&quot;])&#10;    level: &quot;error&quot;&#10;    schema: {&quot;loadingURI&quot;:&quot;file:/D:/Learning/Revou/QA/CallPlan-Testing/target/test-classes/schemas/GetMasterList.json#&quot;,&quot;pointer&quot;:&quot;/properties/IS_UPCOUNTRY&quot;}&#10;    instance: {&quot;pointer&quot;:&quot;/IS_UPCOUNTRY&quot;}&#10;    domain: &quot;validation&quot;&#10;    keyword: &quot;type&quot;&#10;    found: &quot;null&quot;&#10;    expected: [&quot;integer&quot;]&#10;&#10;     but: was &quot;{\&quot;RAYON_ID\&quot;:2952,\&quot;RAYON_CODE\&quot;:\&quot;TGRVIC0101\&quot;,\&quot;AREA_ID\&quot;:40,\&quot;AREA_CODE\&quot;:\&quot;TGR\&quot;,\&quot;PERSON_ID\&quot;:13755,\&quot;PERSON_CODE\&quot;:\&quot;CRM100418194\&quot;,\&quot;PERSON_TYPE_NAME\&quot;:\&quot;CRM\&quot;,\&quot;FIRST_NAME\&quot;:\&quot;DON**\&quot;,\&quot;LAST_NAME\&quot;:\&quot;GUN****\&quot;,\&quot;FULL_NAME\&quot;:\&quot;DON** GUN****\&quot;,\&quot;SPECIALIST_NAME\&quot;:\&quot;SpOG\&quot;,\&quot;IS_UPCOUNTRY\&quot;:null,\&quot;TOTAL_SCHEDULE\&quot;:0,\&quot;IS_HAVING_BEST_TIME_VISIT\&quot;:0,\&quot;MONDAY_DAY\&quot;:1,\&quot;MONDAY_NIGHT\&quot;:0,\&quot;TUESDAY_DAY\&quot;:1,\&quot;TUESDAY_NIGHT\&quot;:0,\&quot;WEDNESDAY_DAY\&quot;:1,\&quot;WEDNESDAY_NIGHT\&quot;:0,\&quot;THURSDAY_DAY\&quot;:1,\&quot;THURSDAY_NIGHT\&quot;:0,\&quot;FRIDAY_DAY\&quot;:1,\&quot;FRIDAY_NIGHT\&quot;:0,\&quot;PERSON_TYPE_DAY_NIGHT\&quot;:\&quot;D\&quot;}&quot;&#10;Schema validation failed for item at index 28: &#10;Expected: The content to match the given JSON schema.&#10;error: instance value (null) not found in enum (possible values: [0,1])&#10;    level: &quot;error&quot;&#10;    schema: {&quot;loadingURI&quot;:&quot;file:/D:/Learning/Revou/QA/CallPlan-Testing/target/test-classes/schemas/GetMasterList.json#&quot;,&quot;pointer&quot;:&quot;/properties/IS_UPCOUNTRY&quot;}&#10;    instance: {&quot;pointer&quot;:&quot;/IS_UPCOUNTRY&quot;}&#10;    domain: &quot;validation&quot;&#10;    keyword: &quot;enum&quot;&#10;    value: null&#10;    enum: [0,1]&#10;error: instance type (null) does not match any allowed primitive type (allowed: [&quot;integer&quot;])&#10;    level: &quot;error&quot;&#10;    schema: {&quot;loadingURI&quot;:&quot;file:/D:/Learning/Revou/QA/CallPlan-Testing/target/test-classes/schemas/GetMasterList.json#&quot;,&quot;pointer&quot;:&quot;/properties/IS_UPCOUNTRY&quot;}&#10;    instance: {&quot;pointer&quot;:&quot;/IS_UPCOUNTRY&quot;}&#10;    domain: &quot;validation&quot;&#10;    keyword: &quot;type&quot;&#10;    found: &quot;null&quot;&#10;    expected: [&quot;integer&quot;]&#10;&#10;     but: was &quot;{\&quot;RAYON_ID\&quot;:2952,\&quot;RAYON_CODE\&quot;:\&quot;TGRVIC0101\&quot;,\&quot;AREA_ID\&quot;:40,\&quot;AREA_CODE\&quot;:\&quot;TGR\&quot;,\&quot;PERSON_ID\&quot;:85021,\&quot;PERSON_CODE\&quot;:\&quot;CRM401804001690\&quot;,\&quot;PERSON_TYPE_NAME\&quot;:\&quot;CRM\&quot;,\&quot;FIRST_NAME\&quot;:\&quot;EKA**** *.*\&quot;,\&quot;LAST_NAME\&quot;:\&quot;LAR*** \&quot;,\&quot;FULL_NAME\&quot;:\&quot;EKA**** *.* LAR*** \&quot;,\&quot;SPECIALIST_NAME\&quot;:\&quot;SpA\&quot;,\&quot;IS_UPCOUNTRY\&quot;:null,\&quot;TOTAL_SCHEDULE\&quot;:0,\&quot;IS_HAVING_BEST_TIME_VISIT\&quot;:0,\&quot;MONDAY_DAY\&quot;:1,\&quot;MONDAY_NIGHT\&quot;:0,\&quot;TUESDAY_DAY\&quot;:1,\&quot;TUESDAY_NIGHT\&quot;:0,\&quot;WEDNESDAY_DAY\&quot;:1,\&quot;WEDNESDAY_NIGHT\&quot;:0,\&quot;THURSDAY_DAY\&quot;:1,\&quot;THURSDAY_NIGHT\&quot;:0,\&quot;FRIDAY_DAY\&quot;:1,\&quot;FRIDAY_NIGHT\&quot;:0,\&quot;PERSON_TYPE_DAY_NIGHT\&quot;:\&quot;D\&quot;}&quot;&#10;Schema validation failed for item at index 29: &#10;Expected: The content to match the given JSON schema.&#10;error: instance value (null) not found in enum (possible values: [0,1])&#10;    level: &quot;error&quot;&#10;    schema: {&quot;loadingURI&quot;:&quot;file:/D:/Learning/Revou/QA/CallPlan-Testing/target/test-classes/schemas/GetMasterList.json#&quot;,&quot;pointer&quot;:&quot;/properties/IS_UPCOUNTRY&quot;}&#10;    instance: {&quot;pointer&quot;:&quot;/IS_UPCOUNTRY&quot;}&#10;    domain: &quot;validation&quot;&#10;    keyword: &quot;enum&quot;&#10;    value: null&#10;    enum: [0,1]&#10;error: instance type (null) does not match any allowed primitive type (allowed: [&quot;integer&quot;])&#10;    level: &quot;error&quot;&#10;    schema: {&quot;loadingURI&quot;:&quot;file:/D:/Learning/Revou/QA/CallPlan-Testing/target/test-classes/schemas/GetMasterList.json#&quot;,&quot;pointer&quot;:&quot;/properties/IS_UPCOUNTRY&quot;}&#10;    instance: {&quot;pointer&quot;:&quot;/IS_UPCOUNTRY&quot;}&#10;    domain: &quot;validation&quot;&#10;    keyword: &quot;type&quot;&#10;    found: &quot;null&quot;&#10;    expected: [&quot;integer&quot;]&#10;&#10;     but: was &quot;{\&quot;RAYON_ID\&quot;:2952,\&quot;RAYON_CODE\&quot;:\&quot;TGRVIC0101\&quot;,\&quot;AREA_ID\&quot;:40,\&quot;AREA_CODE\&quot;:\&quot;TGR\&quot;,\&quot;PERSON_ID\&quot;:15113,\&quot;PERSON_CODE\&quot;:\&quot;CRM990902000707\&quot;,\&quot;PERSON_TYPE_NAME\&quot;:\&quot;CRM\&quot;,\&quot;FIRST_NAME\&quot;:\&quot;EKA*****\&quot;,\&quot;LAST_NAME\&quot;:\&quot;TAM****\&quot;,\&quot;FULL_NAME\&quot;:\&quot;EKA***** TAM****\&quot;,\&quot;SPECIALIST_NAME\&quot;:\&quot;GP\&quot;,\&quot;IS_UPCOUNTRY\&quot;:null,\&quot;TOTAL_SCHEDULE\&quot;:0,\&quot;IS_HAVING_BEST_TIME_VISIT\&quot;:0,\&quot;MONDAY_DAY\&quot;:0,\&quot;MONDAY_NIGHT\&quot;:1,\&quot;TUESDAY_DAY\&quot;:0,\&quot;TUESDAY_NIGHT\&quot;:1,\&quot;WEDNESDAY_DAY\&quot;:0,\&quot;WEDNESDAY_NIGHT\&quot;:1,\&quot;THURSDAY_DAY\&quot;:0,\&quot;THURSDAY_NIGHT\&quot;:1,\&quot;FRIDAY_DAY\&quot;:0,\&quot;FRIDAY_NIGHT\&quot;:1,\&quot;PERSON_TYPE_DAY_NIGHT\&quot;:\&quot;N\&quot;}&quot;&#10;Schema validation failed for item at index 30: &#10;Expected: The content to match the given JSON schema.&#10;error: instance value (null) not found in enum (possible values: [0,1])&#10;    level: &quot;error&quot;&#10;    schema: {&quot;loadingURI&quot;:&quot;file:/D:/Learning/Revou/QA/CallPlan-Testing/target/test-classes/schemas/GetMasterList.json#&quot;,&quot;pointer&quot;:&quot;/properties/IS_UPCOUNTRY&quot;}&#10;    instance: {&quot;pointer&quot;:&quot;/IS_UPCOUNTRY&quot;}&#10;    domain: &quot;validation&quot;&#10;    keyword: &quot;enum&quot;&#10;    value: null&#10;    enum: [0,1]&#10;error: instance type (null) does not match any allowed primitive type (allowed: [&quot;integer&quot;])&#10;    level: &quot;error&quot;&#10;    schema: {&quot;loadingURI&quot;:&quot;file:/D:/Learning/Revou/QA/CallPlan-Testing/target/test-classes/schemas/GetMasterList.json#&quot;,&quot;pointer&quot;:&quot;/properties/IS_UPCOUNTRY&quot;}&#10;    instance: {&quot;pointer&quot;:&quot;/IS_UPCOUNTRY&quot;}&#10;    domain: &quot;validation&quot;&#10;    keyword: &quot;type&quot;&#10;    found: &quot;null&quot;&#10;    expected: [&quot;integer&quot;]&#10;&#10;     but: was &quot;{\&quot;RAYON_ID\&quot;:2952,\&quot;RAYON_CODE\&quot;:\&quot;TGRVIC0101\&quot;,\&quot;AREA_ID\&quot;:40,\&quot;AREA_CODE\&quot;:\&quot;TGR\&quot;,\&quot;PERSON_ID\&quot;:16817,\&quot;PERSON_CODE\&quot;:\&quot;CRM100415460\&quot;,\&quot;PERSON_TYPE_NAME\&quot;:\&quot;CRM\&quot;,\&quot;FIRST_NAME\&quot;:\&quot;ELV**\&quot;,\&quot;LAST_NAME\&quot;:\&quot;CAR***** *******\&quot;,\&quot;FULL_NAME\&quot;:\&quot;ELV** CAR***** *******\&quot;,\&quot;SPECIALIST_NAME\&quot;:\&quot;SpA\&quot;,\&quot;IS_UPCOUNTRY\&quot;:null,\&quot;TOTAL_SCHEDULE\&quot;:0,\&quot;IS_HAVING_BEST_TIME_VISIT\&quot;:0,\&quot;MONDAY_DAY\&quot;:1,\&quot;MONDAY_NIGHT\&quot;:0,\&quot;TUESDAY_DAY\&quot;:1,\&quot;TUESDAY_NIGHT\&quot;:0,\&quot;WEDNESDAY_DAY\&quot;:1,\&quot;WEDNESDAY_NIGHT\&quot;:0,\&quot;THURSDAY_DAY\&quot;:1,\&quot;THURSDAY_NIGHT\&quot;:0,\&quot;FRIDAY_DAY\&quot;:1,\&quot;FRIDAY_NIGHT\&quot;:0,\&quot;PERSON_TYPE_DAY_NIGHT\&quot;:\&quot;D\&quot;}&quot;&#10;Schema validation failed for item at index 31: &#10;Expected: The content to match the given JSON schema.&#10;error: instance value (null) not found in enum (possible values: [0,1])&#10;    level: &quot;error&quot;&#10;    schema: {&quot;loadingURI&quot;:&quot;file:/D:/Learning/Revou/QA/CallPlan-Testing/target/test-classes/schemas/GetMasterList.json#&quot;,&quot;pointer&quot;:&quot;/properties/IS_UPCOUNTRY&quot;}&#10;    instance: {&quot;pointer&quot;:&quot;/IS_UPCOUNTRY&quot;}&#10;    domain: &quot;validation&quot;&#10;    keyword: &quot;enum&quot;&#10;    value: null&#10;    enum: [0,1]&#10;error: instance type (null) does not match any allowed primitive type (allowed: [&quot;integer&quot;])&#10;    level: &quot;error&quot;&#10;    schema: {&quot;loadingURI&quot;:&quot;file:/D:/Learning/Revou/QA/CallPlan-Testing/target/test-classes/schemas/GetMasterList.json#&quot;,&quot;pointer&quot;:&quot;/properties/IS_UPCOUNTRY&quot;}&#10;    instance: {&quot;pointer&quot;:&quot;/IS_UPCOUNTRY&quot;}&#10;    domain: &quot;validation&quot;&#10;    keyword: &quot;type&quot;&#10;    found: &quot;null&quot;&#10;    expected: [&quot;integer&quot;]&#10;&#10;     but: was &quot;{\&quot;RAYON_ID\&quot;:2952,\&quot;RAYON_CODE\&quot;:\&quot;TGRVIC0101\&quot;,\&quot;AREA_ID\&quot;:40,\&quot;AREA_CODE\&quot;:\&quot;TGR\&quot;,\&quot;PERSON_ID\&quot;:15130,\&quot;PERSON_CODE\&quot;:\&quot;CRM990808003223\&quot;,\&quot;PERSON_TYPE_NAME\&quot;:\&quot;CRM\&quot;,\&quot;FIRST_NAME\&quot;:\&quot;EMA****\&quot;,\&quot;LAST_NAME\&quot;:\&quot;OEP*****\&quot;,\&quot;FULL_NAME\&quot;:\&quot;EMA**** OEP*****\&quot;,\&quot;SPECIALIST_NAME\&quot;:\&quot;GP\&quot;,\&quot;IS_UPCOUNTRY\&quot;:null,\&quot;TOTAL_SCHEDULE\&quot;:0,\&quot;IS_HAVING_BEST_TIME_VISIT\&quot;:0,\&quot;MONDAY_DAY\&quot;:0,\&quot;MONDAY_NIGHT\&quot;:1,\&quot;TUESDAY_DAY\&quot;:0,\&quot;TUESDAY_NIGHT\&quot;:1,\&quot;WEDNESDAY_DAY\&quot;:0,\&quot;WEDNESDAY_NIGHT\&quot;:1,\&quot;THURSDAY_DAY\&quot;:0,\&quot;THURSDAY_NIGHT\&quot;:1,\&quot;FRIDAY_DAY\&quot;:0,\&quot;FRIDAY_NIGHT\&quot;:1,\&quot;PERSON_TYPE_DAY_NIGHT\&quot;:\&quot;N\&quot;}&quot;&#10;Schema validation failed for item at index 32: &#10;Expected: The content to match the given JSON schema.&#10;error: instance value (null) not found in enum (possible values: [0,1])&#10;    level: &quot;error&quot;&#10;    schema: {&quot;loadingURI&quot;:&quot;file:/D:/Learning/Revou/QA/CallPlan-Testing/target/test-classes/schemas/GetMasterList.json#&quot;,&quot;pointer&quot;:&quot;/properties/IS_UPCOUNTRY&quot;}&#10;    instance: {&quot;pointer&quot;:&quot;/IS_UPCOUNTRY&quot;}&#10;    domain: &quot;validation&quot;&#10;    keyword: &quot;enum&quot;&#10;    value: null&#10;    enum: [0,1]&#10;error: instance type (null) does not match any allowed primitive type (allowed: [&quot;integer&quot;])&#10;    level: &quot;error&quot;&#10;    schema: {&quot;loadingURI&quot;:&quot;file:/D:/Learning/Revou/QA/CallPlan-Testing/target/test-classes/schemas/GetMasterList.json#&quot;,&quot;pointer&quot;:&quot;/properties/IS_UPCOUNTRY&quot;}&#10;    instance: {&quot;pointer&quot;:&quot;/IS_UPCOUNTRY&quot;}&#10;    domain: &quot;validation&quot;&#10;    keyword: &quot;type&quot;&#10;    found: &quot;null&quot;&#10;    expected: [&quot;integer&quot;]&#10;&#10;     but: was &quot;{\&quot;RAYON_ID\&quot;:2952,\&quot;RAYON_CODE\&quot;:\&quot;TGRVIC0101\&quot;,\&quot;AREA_ID\&quot;:40,\&quot;AREA_CODE\&quot;:\&quot;TGR\&quot;,\&quot;PERSON_ID\&quot;:15889,\&quot;PERSON_CODE\&quot;:\&quot;CRM760701000200\&quot;,\&quot;PERSON_TYPE_NAME\&quot;:\&quot;CRM\&quot;,\&quot;FIRST_NAME\&quot;:\&quot;ERI**\&quot;,\&quot;LAST_NAME\&quot;:\&quot;***\&quot;,\&quot;FULL_NAME\&quot;:\&quot;ERI** ***\&quot;,\&quot;SPECIALIST_NAME\&quot;:\&quot;SpA\&quot;,\&quot;IS_UPCOUNTRY\&quot;:null,\&quot;TOTAL_SCHEDULE\&quot;:0,\&quot;IS_HAVING_BEST_TIME_VISIT\&quot;:0,\&quot;MONDAY_DAY\&quot;:0,\&quot;MONDAY_NIGHT\&quot;:1,\&quot;TUESDAY_DAY\&quot;:0,\&quot;TUESDAY_NIGHT\&quot;:1,\&quot;WEDNESDAY_DAY\&quot;:0,\&quot;WEDNESDAY_NIGHT\&quot;:1,\&quot;THURSDAY_DAY\&quot;:0,\&quot;THURSDAY_NIGHT\&quot;:1,\&quot;FRIDAY_DAY\&quot;:0,\&quot;FRIDAY_NIGHT\&quot;:1,\&quot;PERSON_TYPE_DAY_NIGHT\&quot;:\&quot;N\&quot;}&quot;&#10;Schema validation failed for item at index 33: &#10;Expected: The content to match the given JSON schema.&#10;error: instance value (null) not found in enum (possible values: [0,1])&#10;    level: &quot;error&quot;&#10;    schema: {&quot;loadingURI&quot;:&quot;file:/D:/Learning/Revou/QA/CallPlan-Testing/target/test-classes/schemas/GetMasterList.json#&quot;,&quot;pointer&quot;:&quot;/properties/IS_UPCOUNTRY&quot;}&#10;    instance: {&quot;pointer&quot;:&quot;/IS_UPCOUNTRY&quot;}&#10;    domain: &quot;validation&quot;&#10;    keyword: &quot;enum&quot;&#10;    value: null&#10;    enum: [0,1]&#10;error: instance type (null) does not match any allowed primitive type (allowed: [&quot;integer&quot;])&#10;    level: &quot;error&quot;&#10;    schema: {&quot;loadingURI&quot;:&quot;file:/D:/Learning/Revou/QA/CallPlan-Testing/target/test-classes/schemas/GetMasterList.json#&quot;,&quot;pointer&quot;:&quot;/properties/IS_UPCOUNTRY&quot;}&#10;    instance: {&quot;pointer&quot;:&quot;/IS_UPCOUNTRY&quot;}&#10;    domain: &quot;validation&quot;&#10;    keyword: &quot;type&quot;&#10;    found: &quot;null&quot;&#10;    expected: [&quot;integer&quot;]&#10;&#10;     but: was &quot;{\&quot;RAYON_ID\&quot;:2952,\&quot;RAYON_CODE\&quot;:\&quot;TGRVIC0101\&quot;,\&quot;AREA_ID\&quot;:40,\&quot;AREA_CODE\&quot;:\&quot;TGR\&quot;,\&quot;PERSON_ID\&quot;:44665,\&quot;PERSON_CODE\&quot;:\&quot;CRM11005002153\&quot;,\&quot;PERSON_TYPE_NAME\&quot;:\&quot;CRM\&quot;,\&quot;FIRST_NAME\&quot;:\&quot;FAI***\&quot;,\&quot;LAST_NAME\&quot;:\&quot;NUR *****\&quot;,\&quot;FULL_NAME\&quot;:\&quot;FAI*** NUR *****\&quot;,\&quot;SPECIALIST_NAME\&quot;:\&quot;SpA\&quot;,\&quot;IS_UPCOUNTRY\&quot;:null,\&quot;TOTAL_SCHEDULE\&quot;:0,\&quot;IS_HAVING_BEST_TIME_VISIT\&quot;:0,\&quot;MONDAY_DAY\&quot;:1,\&quot;MONDAY_NIGHT\&quot;:0,\&quot;TUESDAY_DAY\&quot;:1,\&quot;TUESDAY_NIGHT\&quot;:0,\&quot;WEDNESDAY_DAY\&quot;:1,\&quot;WEDNESDAY_NIGHT\&quot;:0,\&quot;THURSDAY_DAY\&quot;:1,\&quot;THURSDAY_NIGHT\&quot;:0,\&quot;FRIDAY_DAY\&quot;:1,\&quot;FRIDAY_NIGHT\&quot;:0,\&quot;PERSON_TYPE_DAY_NIGHT\&quot;:\&quot;D\&quot;}&quot;&#10;Schema validation failed for item at index 34: &#10;Expected: The content to match the given JSON schema.&#10;error: instance value (null) not found in enum (possible values: [0,1])&#10;    level: &quot;error&quot;&#10;    schema: {&quot;loadingURI&quot;:&quot;file:/D:/Learning/Revou/QA/CallPlan-Testing/target/test-classes/schemas/GetMasterList.json#&quot;,&quot;pointer&quot;:&quot;/properties/IS_UPCOUNTRY&quot;}&#10;    instance: {&quot;pointer&quot;:&quot;/IS_UPCOUNTRY&quot;}&#10;    domain: &quot;validation&quot;&#10;    keyword: &quot;enum&quot;&#10;    value: null&#10;    enum: [0,1]&#10;error: instance type (null) does not match any allowed primitive type (allowed: [&quot;integer&quot;])&#10;    level: &quot;error&quot;&#10;    schema: {&quot;loadingURI&quot;:&quot;file:/D:/Learning/Revou/QA/CallPlan-Testing/target/test-classes/schemas/GetMasterList.json#&quot;,&quot;pointer&quot;:&quot;/properties/IS_UPCOUNTRY&quot;}&#10;    instance: {&quot;pointer&quot;:&quot;/IS_UPCOUNTRY&quot;}&#10;    domain: &quot;validation&quot;&#10;    keyword: &quot;type&quot;&#10;    found: &quot;null&quot;&#10;    expected: [&quot;integer&quot;]&#10;error: instance value (null) not found in enum (possible values: [&quot;N&quot;,&quot;D&quot;])&#10;    level: &quot;error&quot;&#10;    schema: {&quot;loadingURI&quot;:&quot;file:/D:/Learning/Revou/QA/CallPlan-Testing/target/test-classes/schemas/GetMasterList.json#&quot;,&quot;pointer&quot;:&quot;/properties/PERSON_TYPE_DAY_NIGHT&quot;}&#10;    instance: {&quot;pointer&quot;:&quot;/PERSON_TYPE_DAY_NIGHT&quot;}&#10;    domain: &quot;validation&quot;&#10;    keyword: &quot;enum&quot;&#10;    value: null&#10;    enum: [&quot;N&quot;,&quot;D&quot;]&#10;error: instance type (null) does not match any allowed primitive type (allowed: [&quot;string&quot;])&#10;    level: &quot;error&quot;&#10;    schema: {&quot;loadingURI&quot;:&quot;file:/D:/Learning/Revou/QA/CallPlan-Testing/target/test-classes/schemas/GetMasterList.json#&quot;,&quot;pointer&quot;:&quot;/properties/PERSON_TYPE_DAY_NIGHT&quot;}&#10;    instance: {&quot;pointer&quot;:&quot;/PERSON_TYPE_DAY_NIGHT&quot;}&#10;    domain: &quot;validation&quot;&#10;    keyword: &quot;type&quot;&#10;    found: &quot;null&quot;&#10;    expected: [&quot;string&quot;]&#10;&#10;     but: was &quot;{\&quot;RAYON_ID\&quot;:2952,\&quot;RAYON_CODE\&quot;:\&quot;TGRVIC0101\&quot;,\&quot;AREA_ID\&quot;:40,\&quot;AREA_CODE\&quot;:\&quot;TGR\&quot;,\&quot;PERSON_ID\&quot;:77251,\&quot;PERSON_CODE\&quot;:\&quot;CRM401606004064\&quot;,\&quot;PERSON_TYPE_NAME\&quot;:\&quot;CRM\&quot;,\&quot;FIRST_NAME\&quot;:\&quot;FAT**\&quot;,\&quot;LAST_NAME\&quot;:\&quot;ATI**\&quot;,\&quot;FULL_NAME\&quot;:\&quot;FAT** ATI**\&quot;,\&quot;SPECIALIST_NAME\&quot;:\&quot;SpOG\&quot;,\&quot;IS_UPCOUNTRY\&quot;:null,\&quot;TOTAL_SCHEDULE\&quot;:0,\&quot;IS_HAVING_BEST_TIME_VISIT\&quot;:0,\&quot;MONDAY_DAY\&quot;:0,\&quot;MONDAY_NIGHT\&quot;:0,\&quot;TUESDAY_DAY\&quot;:0,\&quot;TUESDAY_NIGHT\&quot;:0,\&quot;WEDNESDAY_DAY\&quot;:0,\&quot;WEDNESDAY_NIGHT\&quot;:0,\&quot;THURSDAY_DAY\&quot;:0,\&quot;THURSDAY_NIGHT\&quot;:0,\&quot;FRIDAY_DAY\&quot;:0,\&quot;FRIDAY_NIGHT\&quot;:0,\&quot;PERSON_TYPE_DAY_NIGHT\&quot;:null}&quot;&#10;Schema validation failed for item at index 35: &#10;Expected: The content to match the given JSON schema.&#10;error: instance value (null) not found in en
[...]
    instance: {"pointer":"/IS_UPCOUNTRY"}
    domain: "validation"
    keyword: "enum"
    value: null
    enum: [0,1]
error: instance type (null) does not match any allowed primitive type (allowed: ["integer"])
    level: "error"
    schema: {"loadingURI":"file:/D:/Learning/Revou/QA/CallPlan-Testing/target/test-classes/schemas/GetMasterList.json#","pointer":"/properties/IS_UPCOUNTRY"}
    instance: {"pointer":"/IS_UPCOUNTRY"}
    domain: "validation"
    keyword: "type"
    found: "null"
    expected: ["integer"]
error: instance value (null) not found in enum (possible values: ["N","D"])
    level: "error"
    schema: {"loadingURI":"file:/D:/Learning/Revou/QA/CallPlan-Testing/target/test-classes/schemas/GetMasterList.json#","pointer":"/properties/PERSON_TYPE_DAY_NIGHT"}
    instance: {"pointer":"/PERSON_TYPE_DAY_NIGHT"}
    domain: "validation"
    keyword: "enum"
    value: null
    enum: ["N","D"]
error: instance type (null) does not match any allowed primitive type (allowed: ["string"])
    level: "error"
    schema: {"loadingURI":"file:/D:/Learning/Revou/QA/CallPlan-Testing/target/test-classes/schemas/GetMasterList.json#","pointer":"/properties/PERSON_TYPE_DAY_NIGHT"}
    instance: {"pointer":"/PERSON_TYPE_DAY_NIGHT"}
    domain: "validation"
    keyword: "type"
    found: "null"
    expected: ["string"]

     but: was "{\"RAYON_ID\":2952,\"RAYON_CODE\":\"TGRVIC0101\",\"AREA_ID\":40,\"AREA_CODE\":\"TGR\",\"PERSON_ID\":64402,\"PERSON_CODE\":\"CRM11310004196\",\"PERSON_TYPE_NAME\":\"CRM\",\"FIRST_NAME\":\"SAN*** \",\"LAST_NAME\":\"PRA*******\",\"FULL_NAME\":\"SAN***  PRA*******\",\"SPECIALIST_NAME\":\"SpOG\",\"IS_UPCOUNTRY\":null,\"TOTAL_SCHEDULE\":0,\"IS_HAVING_BEST_TIME_VISIT\":0,\"MONDAY_DAY\":0,\"MONDAY_NIGHT\":0,\"TUESDAY_DAY\":0,\"TUESDAY_NIGHT\":0,\"WEDNESDAY_DAY\":0,\"WEDNESDAY_NIGHT\":0,\"THURSDAY_DAY\":0,\"THURSDAY_NIGHT\":0,\"FRIDAY_DAY\":0,\"FRIDAY_NIGHT\":0,\"PERSON_TYPE_DAY_NIGHT\":null}"
Schema validation failed for item at index 73: 
Expected: The content to match the given JSON schema.
error: instance value (null) not found in enum (possible values: [0,1])
    level: "error"
    schema: {"loadingURI":"file:/D:/Learning/Revou/QA/CallPlan-Testing/target/test-classes/schemas/GetMasterList.json#","pointer":"/properties/IS_UPCOUNTRY"}
    instance: {"pointer":"/IS_UPCOUNTRY"}
    domain: "validation"
    keyword: "enum"
    value: null
    enum: [0,1]
error: instance type (null) does not match any allowed primitive type (allowed: ["integer"])
    level: "error"
    schema: {"loadingURI":"file:/D:/Learning/Revou/QA/CallPlan-Testing/target/test-classes/schemas/GetMasterList.json#","pointer":"/properties/IS_UPCOUNTRY"}
    instance: {"pointer":"/IS_UPCOUNTRY"}
    domain: "validation"
    keyword: "type"
    found: "null"
    expected: ["integer"]

     but: was "{\"RAYON_ID\":2952,\"RAYON_CODE\":\"TGRVIC0101\",\"AREA_ID\":40,\"AREA_CODE\":\"TGR\",\"PERSON_ID\":13237,\"PERSON_CODE\":\"CRM990808003274\",\"PERSON_TYPE_NAME\":\"CRM\",\"FIRST_NAME\":\"SAN*** *******\",\"LAST_NAME\":\"LAN***\",\"FULL_NAME\":\"SAN*** ******* LAN***\",\"SPECIALIST_NAME\":\"SpPD\",\"IS_UPCOUNTRY\":null,\"TOTAL_SCHEDULE\":0,\"IS_HAVING_BEST_TIME_VISIT\":0,\"MONDAY_DAY\":0,\"MONDAY_NIGHT\":1,\"TUESDAY_DAY\":0,\"TUESDAY_NIGHT\":1,\"WEDNESDAY_DAY\":0,\"WEDNESDAY_NIGHT\":1,\"THURSDAY_DAY\":0,\"THURSDAY_NIGHT\":1,\"FRIDAY_DAY\":0,\"FRIDAY_NIGHT\":1,\"PERSON_TYPE_DAY_NIGHT\":\"N\"}"
Schema validation failed for item at index 74: 
Expected: The content to match the given JSON schema.
error: instance value (null) not found in enum (possible values: [0,1])
    level: "error"
    schema: {"loadingURI":"file:/D:/Learning/Revou/QA/CallPlan-Testing/target/test-classes/schemas/GetMasterList.json#","pointer":"/properties/IS_UPCOUNTRY"}
    instance: {"pointer":"/IS_UPCOUNTRY"}
    domain: "validation"
    keyword: "enum"
    value: null
    enum: [0,1]
error: instance type (null) does not match any allowed primitive type (allowed: ["integer"])
    level: "error"
    schema: {"loadingURI":"file:/D:/Learning/Revou/QA/CallPlan-Testing/target/test-classes/schemas/GetMasterList.json#","pointer":"/properties/IS_UPCOUNTRY"}
    instance: {"pointer":"/IS_UPCOUNTRY"}
    domain: "validation"
    keyword: "type"
    found: "null"
    expected: ["integer"]
error: instance value (null) not found in enum (possible values: ["N","D"])
    level: "error"
    schema: {"loadingURI":"file:/D:/Learning/Revou/QA/CallPlan-Testing/target/test-classes/schemas/GetMasterList.json#","pointer":"/properties/PERSON_TYPE_DAY_NIGHT"}
    instance: {"pointer":"/PERSON_TYPE_DAY_NIGHT"}
    domain: "validation"
    keyword: "enum"
    value: null
    enum: ["N","D"]
error: instance type (null) does not match any allowed primitive type (allowed: ["string"])
    level: "error"
    schema: {"loadingURI":"file:/D:/Learning/Revou/QA/CallPlan-Testing/target/test-classes/schemas/GetMasterList.json#","pointer":"/properties/PERSON_TYPE_DAY_NIGHT"}
    instance: {"pointer":"/PERSON_TYPE_DAY_NIGHT"}
    domain: "validation"
    keyword: "type"
    found: "null"
    expected: ["string"]

     but: was "{\"RAYON_ID\":2952,\"RAYON_CODE\":\"TGRVIC0101\",\"AREA_ID\":40,\"AREA_CODE\":\"TGR\",\"PERSON_ID\":100012,\"PERSON_CODE\":\"CRM402105001938\",\"PERSON_TYPE_NAME\":\"CRM\",\"FIRST_NAME\":\"SEK**\",\"LAST_NAME\":\"CIP*********\",\"FULL_NAME\":\"SEK** CIP*********\",\"SPECIALIST_NAME\":\"GP\",\"IS_UPCOUNTRY\":null,\"TOTAL_SCHEDULE\":0,\"IS_HAVING_BEST_TIME_VISIT\":0,\"MONDAY_DAY\":0,\"MONDAY_NIGHT\":0,\"TUESDAY_DAY\":0,\"TUESDAY_NIGHT\":0,\"WEDNESDAY_DAY\":0,\"WEDNESDAY_NIGHT\":0,\"THURSDAY_DAY\":0,\"THURSDAY_NIGHT\":0,\"FRIDAY_DAY\":0,\"FRIDAY_NIGHT\":0,\"PERSON_TYPE_DAY_NIGHT\":null}"
Schema validation failed for item at index 75: 
Expected: The content to match the given JSON schema.
error: instance value (null) not found in enum (possible values: [0,1])
    level: "error"
    schema: {"loadingURI":"file:/D:/Learning/Revou/QA/CallPlan-Testing/target/test-classes/schemas/GetMasterList.json#","pointer":"/properties/IS_UPCOUNTRY"}
    instance: {"pointer":"/IS_UPCOUNTRY"}
    domain: "validation"
    keyword: "enum"
    value: null
    enum: [0,1]
error: instance type (null) does not match any allowed primitive type (allowed: ["integer"])
    level: "error"
    schema: {"loadingURI":"file:/D:/Learning/Revou/QA/CallPlan-Testing/target/test-classes/schemas/GetMasterList.json#","pointer":"/properties/IS_UPCOUNTRY"}
    instance: {"pointer":"/IS_UPCOUNTRY"}
    domain: "validation"
    keyword: "type"
    found: "null"
    expected: ["integer"]

     but: was "{\"RAYON_ID\":2952,\"RAYON_CODE\":\"TGRVIC0101\",\"AREA_ID\":40,\"AREA_CODE\":\"TGR\",\"PERSON_ID\":37008,\"PERSON_CODE\":\"CRM10911003029\",\"PERSON_TYPE_NAME\":\"CRM\",\"FIRST_NAME\":\"SIS**\",\"LAST_NAME\":\"SON****\",\"FULL_NAME\":\"SIS** SON****\",\"SPECIALIST_NAME\":\"GP\",\"IS_UPCOUNTRY\":null,\"TOTAL_SCHEDULE\":0,\"IS_HAVING_BEST_TIME_VISIT\":0,\"MONDAY_DAY\":0,\"MONDAY_NIGHT\":1,\"TUESDAY_DAY\":0,\"TUESDAY_NIGHT\":1,\"WEDNESDAY_DAY\":0,\"WEDNESDAY_NIGHT\":1,\"THURSDAY_DAY\":0,\"THURSDAY_NIGHT\":1,\"FRIDAY_DAY\":0,\"FRIDAY_NIGHT\":1,\"PERSON_TYPE_DAY_NIGHT\":\"N\"}"
Schema validation failed for item at index 76: 
Expected: The content to match the given JSON schema.
error: instance value (null) not found in enum (possible values: [0,1])
    level: "error"
    schema: {"loadingURI":"file:/D:/Learning/Revou/QA/CallPlan-Testing/target/test-classes/schemas/GetMasterList.json#","pointer":"/properties/IS_UPCOUNTRY"}
    instance: {"pointer":"/IS_UPCOUNTRY"}
    domain: "validation"
    keyword: "enum"
    value: null
    enum: [0,1]
error: instance type (null) does not match any allowed primitive type (allowed: ["integer"])
    level: "error"
    schema: {"loadingURI":"file:/D:/Learning/Revou/QA/CallPlan-Testing/target/test-classes/schemas/GetMasterList.json#","pointer":"/properties/IS_UPCOUNTRY"}
    instance: {"pointer":"/IS_UPCOUNTRY"}
    domain: "validation"
    keyword: "type"
    found: "null"
    expected: ["integer"]

     but: was "{\"RAYON_ID\":2952,\"RAYON_CODE\":\"TGRVIC0101\",\"AREA_ID\":40,\"AREA_CODE\":\"TGR\",\"PERSON_ID\":41777,\"PERSON_CODE\":\"CRM10912007983\",\"PERSON_TYPE_NAME\":\"CRM\",\"FIRST_NAME\":\"STA*******\",\"LAST_NAME\":\"DJO**********\",\"FULL_NAME\":\"STA******* DJO**********\",\"SPECIALIST_NAME\":\"GP\",\"IS_UPCOUNTRY\":null,\"TOTAL_SCHEDULE\":0,\"IS_HAVING_BEST_TIME_VISIT\":0,\"MONDAY_DAY\":1,\"MONDAY_NIGHT\":0,\"TUESDAY_DAY\":1,\"TUESDAY_NIGHT\":0,\"WEDNESDAY_DAY\":1,\"WEDNESDAY_NIGHT\":0,\"THURSDAY_DAY\":1,\"THURSDAY_NIGHT\":0,\"FRIDAY_DAY\":1,\"FRIDAY_NIGHT\":0,\"PERSON_TYPE_DAY_NIGHT\":\"D\"}"
Schema validation failed for item at index 77: 
Expected: The content to match the given JSON schema.
error: instance value (null) not found in enum (possible values: [0,1])
    level: "error"
    schema: {"loadingURI":"file:/D:/Learning/Revou/QA/CallPlan-Testing/target/test-classes/schemas/GetMasterList.json#","pointer":"/properties/IS_UPCOUNTRY"}
    instance: {"pointer":"/IS_UPCOUNTRY"}
    domain: "validation"
    keyword: "enum"
    value: null
    enum: [0,1]
error: instance type (null) does not match any allowed primitive type (allowed: ["integer"])
    level: "error"
    schema: {"loadingURI":"file:/D:/Learning/Revou/QA/CallPlan-Testing/target/test-classes/schemas/GetMasterList.json#","pointer":"/properties/IS_UPCOUNTRY"}
    instance: {"pointer":"/IS_UPCOUNTRY"}
    domain: "validation"
    keyword: "type"
    found: "null"
    expected: ["integer"]

     but: was "{\"RAYON_ID\":2952,\"RAYON_CODE\":\"TGRVIC0101\",\"AREA_ID\":40,\"AREA_CODE\":\"TGR\",\"PERSON_ID\":15646,\"PERSON_CODE\":\"CRM990802001228\",\"PERSON_TYPE_NAME\":\"CRM\",\"FIRST_NAME\":\"STE**** *****\",\"LAST_NAME\":\"MAN****\",\"FULL_NAME\":\"STE**** ***** MAN****\",\"SPECIALIST_NAME\":\"SpOG\",\"IS_UPCOUNTRY\":null,\"TOTAL_SCHEDULE\":0,\"IS_HAVING_BEST_TIME_VISIT\":0,\"MONDAY_DAY\":1,\"MONDAY_NIGHT\":0,\"TUESDAY_DAY\":1,\"TUESDAY_NIGHT\":0,\"WEDNESDAY_DAY\":1,\"WEDNESDAY_NIGHT\":0,\"THURSDAY_DAY\":1,\"THURSDAY_NIGHT\":0,\"FRIDAY_DAY\":1,\"FRIDAY_NIGHT\":0,\"PERSON_TYPE_DAY_NIGHT\":\"D\"}"
Schema validation failed for item at index 78: 
Expected: The content to match the given JSON schema.
error: instance value (null) not found in enum (possible values: [0,1])
    level: "error"
    schema: {"loadingURI":"file:/D:/Learning/Revou/QA/CallPlan-Testing/target/test-classes/schemas/GetMasterList.json#","pointer":"/properties/IS_UPCOUNTRY"}
    instance: {"pointer":"/IS_UPCOUNTRY"}
    domain: "validation"
    keyword: "enum"
    value: null
    enum: [0,1]
error: instance type (null) does not match any allowed primitive type (allowed: ["integer"])
    level: "error"
    schema: {"loadingURI":"file:/D:/Learning/Revou/QA/CallPlan-Testing/target/test-classes/schemas/GetMasterList.json#","pointer":"/properties/IS_UPCOUNTRY"}
    instance: {"pointer":"/IS_UPCOUNTRY"}
    domain: "validation"
    keyword: "type"
    found: "null"
    expected: ["integer"]
error: instance value (null) not found in enum (possible values: ["N","D"])
    level: "error"
    schema: {"loadingURI":"file:/D:/Learning/Revou/QA/CallPlan-Testing/target/test-classes/schemas/GetMasterList.json#","pointer":"/properties/PERSON_TYPE_DAY_NIGHT"}
    instance: {"pointer":"/PERSON_TYPE_DAY_NIGHT"}
    domain: "validation"
    keyword: "enum"
    value: null
    enum: ["N","D"]
error: instance type (null) does not match any allowed primitive type (allowed: ["string"])
    level: "error"
    schema: {"loadingURI":"file:/D:/Learning/Revou/QA/CallPlan-Testing/target/test-classes/schemas/GetMasterList.json#","pointer":"/properties/PERSON_TYPE_DAY_NIGHT"}
    instance: {"pointer":"/PERSON_TYPE_DAY_NIGHT"}
    domain: "validation"
    keyword: "type"
    found: "null"
    expected: ["string"]

     but: was "{\"RAYON_ID\":2952,\"RAYON_CODE\":\"TGRVIC0101\",\"AREA_ID\":40,\"AREA_CODE\":\"TGR\",\"PERSON_ID\":94141,\"PERSON_CODE\":\"CRM402002001158\",\"PERSON_TYPE_NAME\":\"CRM\",\"FIRST_NAME\":\"SUB***\",\"LAST_NAME\":\"ARI* ******\",\"FULL_NAME\":\"SUB*** ARI* ******\",\"SPECIALIST_NAME\":\"GP\",\"IS_UPCOUNTRY\":null,\"TOTAL_SCHEDULE\":0,\"IS_HAVING_BEST_TIME_VISIT\":0,\"MONDAY_DAY\":0,\"MONDAY_NIGHT\":0,\"TUESDAY_DAY\":0,\"TUESDAY_NIGHT\":0,\"WEDNESDAY_DAY\":0,\"WEDNESDAY_NIGHT\":0,\"THURSDAY_DAY\":0,\"THURSDAY_NIGHT\":0,\"FRIDAY_DAY\":0,\"FRIDAY_NIGHT\":0,\"PERSON_TYPE_DAY_NIGHT\":null}"
Schema validation failed for item at index 80: 
Expected: The content to match the given JSON schema.
error: instance value (null) not found in enum (possible values: [0,1])
    level: "error"
    schema: {"loadingURI":"file:/D:/Learning/Revou/QA/CallPlan-Testing/target/test-classes/schemas/GetMasterList.json#","pointer":"/properties/IS_UPCOUNTRY"}
    instance: {"pointer":"/IS_UPCOUNTRY"}
    domain: "validation"
    keyword: "enum"
    value: null
    enum: [0,1]
error: instance type (null) does not match any allowed primitive type (allowed: ["integer"])
    level: "error"
    schema: {"loadingURI":"file:/D:/Learning/Revou/QA/CallPlan-Testing/target/test-classes/schemas/GetMasterList.json#","pointer":"/properties/IS_UPCOUNTRY"}
    instance: {"pointer":"/IS_UPCOUNTRY"}
    domain: "validation"
    keyword: "type"
    found: "null"
    expected: ["integer"]

     but: was "{\"RAYON_ID\":2952,\"RAYON_CODE\":\"TGRVIC0101\",\"AREA_ID\":40,\"AREA_CODE\":\"TGR\",\"PERSON_ID\":60243,\"PERSON_CODE\":\"CRM11212005386\",\"PERSON_TYPE_NAME\":\"CRM\",\"FIRST_NAME\":\"THE* ****\",\"LAST_NAME\":\"YAN**\",\"FULL_NAME\":\"THE* **** YAN**\",\"SPECIALIST_NAME\":\"SpPD\",\"IS_UPCOUNTRY\":null,\"TOTAL_SCHEDULE\":0,\"IS_HAVING_BEST_TIME_VISIT\":0,\"MONDAY_DAY\":0,\"MONDAY_NIGHT\":1,\"TUESDAY_DAY\":0,\"TUESDAY_NIGHT\":1,\"WEDNESDAY_DAY\":0,\"WEDNESDAY_NIGHT\":1,\"THURSDAY_DAY\":0,\"THURSDAY_NIGHT\":1,\"FRIDAY_DAY\":0,\"FRIDAY_NIGHT\":1,\"PERSON_TYPE_DAY_NIGHT\":\"N\"}"
Schema validation failed for item at index 81: 
Expected: The content to match the given JSON schema.
error: instance value (null) not found in enum (possible values: [0,1])
    level: "error"
    schema: {"loadingURI":"file:/D:/Learning/Revou/QA/CallPlan-Testing/target/test-classes/schemas/GetMasterList.json#","pointer":"/properties/IS_UPCOUNTRY"}
    instance: {"pointer":"/IS_UPCOUNTRY"}
    domain: "validation"
    keyword: "enum"
    value: null
    enum: [0,1]
error: instance type (null) does not match any allowed primitive type (allowed: ["integer"])
    level: "error"
    schema: {"loadingURI":"file:/D:/Learning/Revou/QA/CallPlan-Testing/target/test-classes/schemas/GetMasterList.json#","pointer":"/properties/IS_UPCOUNTRY"}
    instance: {"pointer":"/IS_UPCOUNTRY"}
    domain: "validation"
    keyword: "type"
    found: "null"
    expected: ["integer"]

     but: was "{\"RAYON_ID\":2952,\"RAYON_CODE\":\"TGRVIC0101\",\"AREA_ID\":40,\"AREA_CODE\":\"TGR\",\"PERSON_ID\":15400,\"PERSON_CODE\":\"CRM990506019367\",\"PERSON_TYPE_NAME\":\"CRM\",\"FIRST_NAME\":\"THE*****\",\"LAST_NAME\":\"JUL***\",\"FULL_NAME\":\"THE***** JUL***\",\"SPECIALIST_NAME\":\"GP\",\"IS_UPCOUNTRY\":null,\"TOTAL_SCHEDULE\":0,\"IS_HAVING_BEST_TIME_VISIT\":0,\"MONDAY_DAY\":1,\"MONDAY_NIGHT\":0,\"TUESDAY_DAY\":1,\"TUESDAY_NIGHT\":0,\"WEDNESDAY_DAY\":1,\"WEDNESDAY_NIGHT\":0,\"THURSDAY_DAY\":1,\"THURSDAY_NIGHT\":0,\"FRIDAY_DAY\":1,\"FRIDAY_NIGHT\":0,\"PERSON_TYPE_DAY_NIGHT\":\"D\"}"
Schema validation failed for item at index 82: 
Expected: The content to match the given JSON schema.
error: instance value (null) not found in enum (possible values: [0,1])
    level: "error"
    schema: {"loadingURI":"file:/D:/Learning/Revou/QA/CallPlan-Testing/target/test-classes/schemas/GetMasterList.json#","pointer":"/properties/IS_UPCOUNTRY"}
    instance: {"pointer":"/IS_UPCOUNTRY"}
    domain: "validation"
    keyword: "enum"
    value: null
    enum: [0,1]
error: instance type (null) does not match any allowed primitive type (allowed: ["integer"])
    level: "error"
    schema: {"loadingURI":"file:/D:/Learning/Revou/QA/CallPlan-Testing/target/test-classes/schemas/GetMasterList.json#","pointer":"/properties/IS_UPCOUNTRY"}
    instance: {"pointer":"/IS_UPCOUNTRY"}
    domain: "validation"
    keyword: "type"
    found: "null"
    expected: ["integer"]

     but: was "{\"RAYON_ID\":2952,\"RAYON_CODE\":\"TGRVIC0101\",\"AREA_ID\":40,\"AREA_CODE\":\"TGR\",\"PERSON_ID\":72533,\"PERSON_CODE\":\"CRM401507011802\",\"PERSON_TYPE_NAME\":\"CRM\",\"FIRST_NAME\":\"VIT* *********\",\"LAST_NAME\":\"DAM**\",\"FULL_NAME\":\"VIT* ********* DAM**\",\"SPECIALIST_NAME\":\"SpJP\",\"IS_UPCOUNTRY\":null,\"TOTAL_SCHEDULE\":0,\"IS_HAVING_BEST_TIME_VISIT\":0,\"MONDAY_DAY\":0,\"MONDAY_NIGHT\":1,\"TUESDAY_DAY\":0,\"TUESDAY_NIGHT\":1,\"WEDNESDAY_DAY\":0,\"WEDNESDAY_NIGHT\":1,\"THURSDAY_DAY\":0,\"THURSDAY_NIGHT\":1,\"FRIDAY_DAY\":0,\"FRIDAY_NIGHT\":1,\"PERSON_TYPE_DAY_NIGHT\":\"N\"}"
Schema validation failed for item at index 83: 
Expected: The content to match the given JSON schema.
error: instance value (null) not found in enum (possible values: [0,1])
    level: "error"
    schema: {"loadingURI":"file:/D:/Learning/Revou/QA/CallPlan-Testing/target/test-classes/schemas/GetMasterList.json#","pointer":"/properties/IS_UPCOUNTRY"}
    instance: {"pointer":"/IS_UPCOUNTRY"}
    domain: "validation"
    keyword: "enum"
    value: null
    enum: [0,1]
error: instance type (null) does not match any allowed primitive type (allowed: ["integer"])
    level: "error"
    schema: {"loadingURI":"file:/D:/Learning/Revou/QA/CallPlan-Testing/target/test-classes/schemas/GetMasterList.json#","pointer":"/properties/IS_UPCOUNTRY"}
    instance: {"pointer":"/IS_UPCOUNTRY"}
    domain: "validation"
    keyword: "type"
    found: "null"
    expected: ["integer"]
error: instance value (null) not found in enum (possible values: ["N","D"])
    level: "error"
    schema: {"loadingURI":"file:/D:/Learning/Revou/QA/CallPlan-Testing/target/test-classes/schemas/GetMasterList.json#","pointer":"/properties/PERSON_TYPE_DAY_NIGHT"}
    instance: {"pointer":"/PERSON_TYPE_DAY_NIGHT"}
    domain: "validation"
    keyword: "enum"
    value: null
    enum: ["N","D"]
error: instance type (null) does not match any allowed primitive type (allowed: ["string"])
    level: "error"
    schema: {"loadingURI":"file:/D:/Learning/Revou/QA/CallPlan-Testing/target/test-classes/schemas/GetMasterList.json#","pointer":"/properties/PERSON_TYPE_DAY_NIGHT"}
    instance: {"pointer":"/PERSON_TYPE_DAY_NIGHT"}
    domain: "validation"
    keyword: "type"
    found: "null"
    expected: ["string"]

     but: was "{\"RAYON_ID\":2952,\"RAYON_CODE\":\"TGRVIC0101\",\"AREA_ID\":40,\"AREA_CODE\":\"TGR\",\"PERSON_ID\":61420,\"PERSON_CODE\":\"CRM671302001139\",\"PERSON_TYPE_NAME\":\"CRM\",\"FIRST_NAME\":\"YUL****\",\"LAST_NAME\":\"FIR****\",\"FULL_NAME\":\"YUL**** FIR****\",\"SPECIALIST_NAME\":\"GP\",\"IS_UPCOUNTRY\":null,\"TOTAL_SCHEDULE\":0,\"IS_HAVING_BEST_TIME_VISIT\":0,\"MONDAY_DAY\":0,\"MONDAY_NIGHT\":0,\"TUESDAY_DAY\":0,\"TUESDAY_NIGHT\":0,\"WEDNESDAY_DAY\":0,\"WEDNESDAY_NIGHT\":0,\"THURSDAY_DAY\":0,\"THURSDAY_NIGHT\":0,\"FRIDAY_DAY\":0,\"FRIDAY_NIGHT\":0,\"PERSON_TYPE_DAY_NIGHT\":null}"

	at com.callplan.testing.steps.api.GetMasterListSteps.eachMasterListDataShouldMatchSchema(GetMasterListSteps.java:54)
	at ✽.each master list data should match schema(classpath:features/get-master-list.feature:11)
]]></failure>
  </testcase>
  <testcase name="Get Master list - Get master list with invalid rayon code" classname="Get Master list" time="0.165"/>
  <testcase name="Get Master list - Get master list with invalid company ID" classname="Get Master list" time="0.138"/>
  <testcase name="Get Master list - Get master list without required fields" classname="Get Master list" time="0.09"/>
  <testcase name="Labels - Create new label via api" classname="Labels" time="0.004"/>
  <testcase name="Labels - Delete existing label via api" classname="Labels" time="0.003"/>
</testsuite>