<?xml version="1.0" encoding="UTF-8"?>
<testsuite xmlns:xsi="http://www.w3.org/2001/XMLSchema-instance" xsi:noNamespaceSchemaLocation="https://maven.apache.org/surefire/maven-surefire-plugin/xsd/surefire-test-report.xsd" version="3.0.2" name="com.callplan.testing.RunCucumberTest" time="7.294" tests="14" errors="0" skipped="0" failures="0">
  <properties>
[...]
</properties>
  <testcase name="Get Existing Call Realization - Successfully get existing call realization" classname="Get Existing Call Realization" time="4.571"/>
  <testcase name="Get Existing Call Realization - Get Existing Call Realization with invalid date value - Examples - Example #1.1" classname="Get Existing Call Realization - Get Existing Call Realization with invalid date value - Examples" time="0.172"/>
  <testcase name="Get Existing Call Realization - Get Existing Call Realization with invalid date value - Examples - Example #1.2" classname="Get Existing Call Realization - Get Existing Call Realization with invalid date value - Examples" time="0.679"/>
  <testcase name="Get Existing Call Realization - Get Existing Call Realization with invalid date value - Examples - Example #1.3" classname="Get Existing Call Realization - Get Existing Call Realization with invalid date value - Examples" time="0.167"/>
  <testcase name="Get Existing Call Realization - Get Existing Call Realization with missing required field - Examples - Example #1.1" classname="Get Existing Call Realization - Get Existing Call Realization with missing required field - Examples" time="0.126"/>
  <testcase name="Get Existing Call Realization - Get Existing Call Realization with missing required field - Examples - Example #1.2" classname="Get Existing Call Realization - Get Existing Call Realization with missing required field - Examples" time="0.109"/>
  <testcase name="Get Existing Call Realization - Get Existing Call Realization with missing required field - Examples - Example #1.3" classname="Get Existing Call Realization - Get Existing Call Realization with missing required field - Examples" time="0.109"/>
  <testcase name="Get Public Holiday - Successfully get public holiday" classname="Get Public Holiday" time="0.217"/>
  <testcase name="Get Public Holiday - Get Public Holiday with invalid date value - Examples - Example #1.1" classname="Get Public Holiday - Get Public Holiday with invalid date value - Examples" time="0.104"/>
  <testcase name="Get Public Holiday - Get Public Holiday with invalid date value - Examples - Example #1.2" classname="Get Public Holiday - Get Public Holiday with invalid date value - Examples" time="0.218"/>
  <testcase name="Get Public Holiday - Get Public Holiday with invalid date value - Examples - Example #1.3" classname="Get Public Holiday - Get Public Holiday with invalid date value - Examples" time="0.24"/>
  <testcase name="Get Public Holiday - Get Public Holiday with missing required field - Examples - Example #1.1" classname="Get Public Holiday - Get Public Holiday with missing required field - Examples" time="0.132"/>
  <testcase name="Get Public Holiday - Get Public Holiday with missing required field - Examples - Example #1.2" classname="Get Public Holiday - Get Public Holiday with missing required field - Examples" time="0.114"/>
  <testcase name="Get Public Holiday - Get Public Holiday with missing required field - Examples - Example #1.3" classname="Get Public Holiday - Get Public Holiday with missing required field - Examples" time="0.148"/>
</testsuite>